{"meta": {"format": 3, "version": "7.10.7", "timestamp": "2025-11-08T08:46:01.071215", "branch_coverage": false, "show_contexts": false}, "files": {"tools/evolution/__init__.py": {"executed_lines": [1, 7, 9, 10, 11, 13], "summary": {"covered_lines": 5, "num_statements": 5, "percent_covered": 100.0, "percent_covered_display": "100", "missing_lines": 0, "excluded_lines": 0}, "missing_lines": [], "excluded_lines": [], "functions": {"": {"executed_lines": [1, 7, 9, 10, 11, 13], "summary": {"covered_lines": 5, "num_statements": 5, "percent_covered": 100.0, "percent_covered_display": "100", "missing_lines": 0, "excluded_lines": 0}, "missing_lines": [], "excluded_lines": []}}, "classes": {"": {"executed_lines": [1, 7, 9, 10, 11, 13], "summary": {"covered_lines": 5, "num_statements": 5, "percent_covered": 100.0, "percent_covered_display": "100", "missing_lines": 0, "excluded_lines": 0}, "missing_lines": [], "excluded_lines": []}}}, "tools/evolution/agent_protocol.py": {"executed_lines": [1, 3, 4, 5, 6, 7, 10, 11, 12, 13, 14, 15, 16, 17, 19, 20, 29, 30, 32, 39, 40, 41, 43, 45, 46, 53, 54, 56, 65, 74, 76, 77, 79, 82, 84, 87, 88, 91, 92, 93, 95, 97, 102, 104, 105, 106, 108, 110], "summary": {"covered_lines": 45, "num_statements": 46, "percent_covered": 97.82608695652173, "percent_covered_display": "98", "missing_lines": 1, "excluded_lines": 0}, "missing_lines": [100], "excluded_lines": [], "functions": {"Agent.to_dict": {"executed_lines": [20], "summary": {"covered_lines": 1, "num_statements": 1, "percent_covered": 100.0, "percent_covered_display": "100", "missing_lines": 0, "excluded_lines": 0}, "missing_lines": [], "excluded_lines": []}, "AgentProtocol.__init__": {"executed_lines": [39, 40, 41], "summary": {"covered_lines": 3, "num_statements": 3, "percent_covered": 100.0, "percent_covered_display": "100", "missing_lines": 0, "excluded_lines": 0}, "missing_lines": [], "excluded_lines": []}, "AgentProtocol.register_agent": {"executed_lines": [45, 46, 53, 54], "summary": {"covered_lines": 4, "num_statements": 4, "percent_covered": 100.0, "percent_covered_display": "100", "missing_lines": 0, "excluded_lines": 0}, "missing_lines": [], "excluded_lines": []}, "AgentProtocol.send_message": {"executed_lines": [65, 74, 76, 77, 79, 82], "summary": {"covered_lines": 6, "num_statements": 6, "percent_covered": 100.0, "percent_covered_display": "100", "missing_lines": 0, "excluded_lines": 0}, "missing_lines": [], "excluded_lines": []}, "AgentProtocol._find_agent": {"executed_lines": [87, 88, 91, 92, 93, 95], "summary": {"covered_lines": 6, "num_statements": 6, "percent_covered": 100.0, "percent_covered_display": "100", "missing_lines": 0, "excluded_lines": 0}, "missing_lines": [], "excluded_lines": []}, "AgentProtocol._send_http_message": {"executed_lines": [], "summary": {"covered_lines": 0, "num_statements": 1, "percent_covered": 0.0, "percent_covered_display": "0", "missing_lines": 1, "excluded_lines": 0}, "missing_lines": [100], "excluded_lines": []}, "AgentProtocol._write_local_message": {"executed_lines": [104, 105, 106], "summary": {"covered_lines": 3, "num_statements": 3, "percent_covered": 100.0, "percent_covered_display": "100", "missing_lines": 0, "excluded_lines": 0}, "missing_lines": [], "excluded_lines": []}, "AgentProtocol.get_agents": {"executed_lines": [110], "summary": {"covered_lines": 1, "num_statements": 1, "percent_covered": 100.0, "percent_covered_display": "100", "missing_lines": 0, "excluded_lines": 0}, "missing_lines": [], "excluded_lines": []}, "": {"executed_lines": [1, 3, 4, 5, 6, 7, 10, 11, 12, 13, 14, 15, 16, 17, 19, 29, 30, 32, 43, 56, 84, 97, 102, 108], "summary": {"covered_lines": 21, "num_statements": 21, "percent_covered": 100.0, "percent_covered_display": "100", "missing_lines": 0, "excluded_lines": 0}, "missing_lines": [], "excluded_lines": []}}, "classes": {"Agent": {"executed_lines": [20], "summary": {"covered_lines": 1, "num_statements": 1, "percent_covered": 100.0, "percent_covered_display": "100", "missing_lines": 0, "excluded_lines": 0}, "missing_lines": [], "excluded_lines": []}, "AgentProtocol": {"executed_lines": [39, 40, 41, 45, 46, 53, 54, 65, 74, 76, 77, 79, 82, 87, 88, 91, 92, 93, 95, 104, 105, 106, 110], "summary": {"covered_lines": 23, "num_statements": 24, "percent_covered": 95.83333333333333, "percent_covered_display": "96", "missing_lines": 1, "excluded_lines": 0}, "missing_lines": [100], "excluded_lines": []}, "": {"executed_lines": [1, 3, 4, 5, 6, 7, 10, 11, 12, 13, 14, 15, 16, 17, 19, 29, 30, 32, 43, 56, 84, 97, 102, 108], "summary": {"covered_lines": 21, "num_statements": 21, "percent_covered": 100.0, "percent_covered_display": "100", "missing_lines": 0, "excluded_lines": 0}, "missing_lines": [], "excluded_lines": []}}}, "tools/evolution/communication/__init__.py": {"executed_lines": [1, 3], "summary": {"covered_lines": 1, "num_statements": 1, "percent_covered": 100.0, "percent_covered_display": "100", "missing_lines": 0, "excluded_lines": 0}, "missing_lines": [], "excluded_lines": [], "functions": {"": {"executed_lines": [1, 3], "summary": {"covered_lines": 1, "num_statements": 1, "percent_covered": 100.0, "percent_covered_display": "100", "missing_lines": 0, "excluded_lines": 0}, "missing_lines": [], "excluded_lines": []}}, "classes": {"": {"executed_lines": [1, 3], "summary": {"covered_lines": 1, "num_statements": 1, "percent_covered": 100.0, "percent_covered_display": "100", "missing_lines": 0, "excluded_lines": 0}, "missing_lines": [], "excluded_lines": []}}}, "tools/evolution/communication/local_exchange.py": {"executed_lines": [1, 3, 4, 5, 8, 9, 11, 12, 13, 15, 17, 18, 19, 21, 23, 24, 25, 26, 27, 28], "summary": {"covered_lines": 18, "num_statements": 18, "percent_covered": 100.0, "percent_covered_display": "100", "missing_lines": 0, "excluded_lines": 0}, "missing_lines": [], "excluded_lines": [], "functions": {"LocalExchange.__init__": {"executed_lines": [12, 13], "summary": {"covered_lines": 2, "num_statements": 2, "percent_covered": 100.0, "percent_covered_display": "100", "missing_lines": 0, "excluded_lines": 0}, "missing_lines": [], "excluded_lines": []}, "LocalExchange.write_message": {"executed_lines": [17, 18, 19], "summary": {"covered_lines": 3, "num_statements": 3, "percent_covered": 100.0, "percent_covered_display": "100", "missing_lines": 0, "excluded_lines": 0}, "missing_lines": [], "excluded_lines": []}, "LocalExchange.read_messages": {"executed_lines": [23, 24, 25, 26, 27, 28], "summary": {"covered_lines": 6, "num_statements": 6, "percent_covered": 100.0, "percent_covered_display": "100", "missing_lines": 0, "excluded_lines": 0}, "missing_lines": [], "excluded_lines": []}, "": {"executed_lines": [1, 3, 4, 5, 8, 9, 11, 15, 21], "summary": {"covered_lines": 7, "num_statements": 7, "percent_covered": 100.0, "percent_covered_display": "100", "missing_lines": 0, "excluded_lines": 0}, "missing_lines": [], "excluded_lines": []}}, "classes": {"LocalExchange": {"executed_lines": [12, 13, 17, 18, 19, 23, 24, 25, 26, 27, 28], "summary": {"covered_lines": 11, "num_statements": 11, "percent_covered": 100.0, "percent_covered_display": "100", "missing_lines": 0, "excluded_lines": 0}, "missing_lines": [], "excluded_lines": []}, "": {"executed_lines": [1, 3, 4, 5, 8, 9, 11, 15, 21], "summary": {"covered_lines": 7, "num_statements": 7, "percent_covered": 100.0, "percent_covered_display": "100", "missing_lines": 0, "excluded_lines": 0}, "missing_lines": [], "excluded_lines": []}}}, "tools/evolution/communication/rest_api.py": {"executed_lines": [1, 6, 17, 21, 25, 29], "summary": {"covered_lines": 5, "num_statements": 9, "percent_covered": 55.55555555555556, "percent_covered_display": "56", "missing_lines": 4, "excluded_lines": 0}, "missing_lines": [19, 23, 27, 31], "excluded_lines": [], "functions": {"create_task": {"executed_lines": [], "summary": {"covered_lines": 0, "num_statements": 1, "percent_covered": 0.0, "percent_covered_display": "0", "missing_lines": 1, "excluded_lines": 0}, "missing_lines": [19], "excluded_lines": []}, "list_tasks": {"executed_lines": [], "summary": {"covered_lines": 0, "num_statements": 1, "percent_covered": 0.0, "percent_covered_display": "0", "missing_lines": 1, "excluded_lines": 0}, "missing_lines": [23], "excluded_lines": []}, "get_task": {"executed_lines": [], "summary": {"covered_lines": 0, "num_statements": 1, "percent_covered": 0.0, "percent_covered_display": "0", "missing_lines": 1, "excluded_lines": 0}, "missing_lines": [27], "excluded_lines": []}, "health_check": {"executed_lines": [], "summary": {"covered_lines": 0, "num_statements": 1, "percent_covered": 0.0, "percent_covered_display": "0", "missing_lines": 1, "excluded_lines": 0}, "missing_lines": [31], "excluded_lines": []}, "": {"executed_lines": [1, 6, 17, 21, 25, 29], "summary": {"covered_lines": 5, "num_statements": 5, "percent_covered": 100.0, "percent_covered_display": "100", "missing_lines": 0, "excluded_lines": 0}, "missing_lines": [], "excluded_lines": []}}, "classes": {"": {"executed_lines": [1, 6, 17, 21, 25, 29], "summary": {"covered_lines": 5, "num_statements": 9, "percent_covered": 55.55555555555556, "percent_covered_display": "56", "missing_lines": 4, "excluded_lines": 0}, "missing_lines": [19, 23, 27, 31], "excluded_lines": []}}}, "tools/evolution/communication/web_dashboard.py": {"executed_lines": [], "summary": {"covered_lines": 0, "num_statements": 5, "percent_covered": 0.0, "percent_covered_display": "0", "missing_lines": 5, "excluded_lines": 0}, "missing_lines": [6, 13, 15, 17, 19], "excluded_lines": [], "functions": {"dashboard_home": {"executed_lines": [], "summary": {"covered_lines": 0, "num_statements": 1, "percent_covered": 0.0, "percent_covered_display": "0", "missing_lines": 1, "excluded_lines": 0}, "missing_lines": [15], "excluded_lines": []}, "tasks_page": {"executed_lines": [], "summary": {"covered_lines": 0, "num_statements": 1, "percent_covered": 0.0, "percent_covered_display": "0", "missing_lines": 1, "excluded_lines": 0}, "missing_lines": [19], "excluded_lines": []}, "": {"executed_lines": [], "summary": {"covered_lines": 0, "num_statements": 3, "percent_covered": 0.0, "percent_covered_display": "0", "missing_lines": 3, "excluded_lines": 0}, "missing_lines": [6, 13, 17], "excluded_lines": []}}, "classes": {"": {"executed_lines": [], "summary": {"covered_lines": 0, "num_statements": 5, "percent_covered": 0.0, "percent_covered_display": "0", "missing_lines": 5, "excluded_lines": 0}, "missing_lines": [6, 13, 15, 17, 19], "excluded_lines": []}}}, "tools/evolution/communication/web_dashboard_server.py": {"executed_lines": [], "summary": {"covered_lines": 0, "num_statements": 139, "percent_covered": 0.0, "percent_covered_display": "0", "missing_lines": 139, "excluded_lines": 0}, "missing_lines": [7, 8, 9, 10, 11, 12, 13, 14, 15, 17, 20, 21, 22, 24, 27, 28, 30, 32, 40, 41, 43, 48, 49, 50, 51, 52, 54, 56, 57, 58, 60, 61, 62, 63, 65, 67, 68, 69, 71, 72, 73, 74, 77, 78, 80, 82, 83, 84, 86, 89, 90, 92, 93, 103, 104, 105, 106, 108, 110, 111, 112, 114, 115, 116, 117, 119, 120, 122, 123, 125, 126, 127, 128, 129, 132, 532, 534, 536, 538, 539, 540, 541, 543, 546, 547, 548, 551, 552, 554, 555, 556, 558, 560, 561, 562, 564, 565, 567, 568, 569, 570, 572, 573, 575, 577, 578, 579, 581, 582, 583, 585, 592, 593, 595, 597, 598, 600, 601, 602, 603, 606, 608, 624, 625, 627, 628, 629, 630, 632, 642, 643, 645, 646, 652, 653, 654, 655, 656, 657], "excluded_lines": [], "functions": {"get_github_owner": {"executed_lines": [], "summary": {"covered_lines": 0, "num_statements": 20, "percent_covered": 0.0, "percent_covered_display": "0", "missing_lines": 20, "excluded_lines": 0}, "missing_lines": [27, 28, 30, 32, 40, 41, 43, 48, 49, 50, 51, 52, 54, 56, 57, 58, 60, 61, 62, 63], "excluded_lines": []}, "get_open_prs": {"executed_lines": [], "summary": {"covered_lines": 0, "num_statements": 22, "percent_covered": 0.0, "percent_covered_display": "0", "missing_lines": 22, "excluded_lines": 0}, "missing_lines": [67, 68, 69, 71, 72, 73, 74, 77, 78, 80, 82, 83, 84, 86, 89, 90, 92, 93, 103, 104, 105, 106], "excluded_lines": []}, "check_pr_merged": {"executed_lines": [], "summary": {"covered_lines": 0, "num_statements": 16, "percent_covered": 0.0, "percent_covered_display": "0", "missing_lines": 16, "excluded_lines": 0}, "missing_lines": [110, 111, 112, 114, 115, 116, 117, 119, 120, 122, 123, 125, 126, 127, 128, 129], "excluded_lines": []}, "get_db_path": {"executed_lines": [], "summary": {"covered_lines": 0, "num_statements": 1, "percent_covered": 0.0, "percent_covered_display": "0", "missing_lines": 1, "excluded_lines": 0}, "missing_lines": [534], "excluded_lines": []}, "get_daemon_status": {"executed_lines": [], "summary": {"covered_lines": 0, "num_statements": 13, "percent_covered": 0.0, "percent_covered_display": "0", "missing_lines": 13, "excluded_lines": 0}, "missing_lines": [538, 539, 540, 541, 543, 546, 547, 548, 551, 552, 554, 555, 556], "excluded_lines": []}, "get_task_stats": {"executed_lines": [], "summary": {"covered_lines": 0, "num_statements": 11, "percent_covered": 0.0, "percent_covered_display": "0", "missing_lines": 11, "excluded_lines": 0}, "missing_lines": [560, 561, 562, 564, 565, 567, 568, 569, 570, 572, 573], "excluded_lines": []}, "get_recent_tasks": {"executed_lines": [], "summary": {"covered_lines": 0, "num_statements": 10, "percent_covered": 0.0, "percent_covered_display": "0", "missing_lines": 10, "excluded_lines": 0}, "missing_lines": [577, 578, 579, 581, 582, 583, 585, 592, 593, 595], "excluded_lines": []}, "dashboard": {"executed_lines": [], "summary": {"covered_lines": 0, "num_statements": 6, "percent_covered": 0.0, "percent_covered_display": "0", "missing_lines": 6, "excluded_lines": 0}, "missing_lines": [600, 601, 602, 603, 606, 608], "excluded_lines": []}, "api_status": {"executed_lines": [], "summary": {"covered_lines": 0, "num_statements": 5, "percent_covered": 0.0, "percent_covered_display": "0", "missing_lines": 5, "excluded_lines": 0}, "missing_lines": [627, 628, 629, 630, 632], "excluded_lines": []}, "check_pr_merged_api": {"executed_lines": [], "summary": {"covered_lines": 0, "num_statements": 2, "percent_covered": 0.0, "percent_covered_display": "0", "missing_lines": 2, "excluded_lines": 0}, "missing_lines": [645, 646], "excluded_lines": []}, "": {"executed_lines": [], "summary": {"covered_lines": 0, "num_statements": 33, "percent_covered": 0.0, "percent_covered_display": "0", "missing_lines": 33, "excluded_lines": 0}, "missing_lines": [7, 8, 9, 10, 11, 12, 13, 14, 15, 17, 20, 21, 22, 24, 65, 108, 132, 532, 536, 558, 575, 597, 598, 624, 625, 642, 643, 652, 653, 654, 655, 656, 657], "excluded_lines": []}}, "classes": {"": {"executed_lines": [], "summary": {"covered_lines": 0, "num_statements": 139, "percent_covered": 0.0, "percent_covered_display": "0", "missing_lines": 139, "excluded_lines": 0}, "missing_lines": [7, 8, 9, 10, 11, 12, 13, 14, 15, 17, 20, 21, 22, 24, 27, 28, 30, 32, 40, 41, 43, 48, 49, 50, 51, 52, 54, 56, 57, 58, 60, 61, 62, 63, 65, 67, 68, 69, 71, 72, 73, 74, 77, 78, 80, 82, 83, 84, 86, 89, 90, 92, 93, 103, 104, 105, 106, 108, 110, 111, 112, 114, 115, 116, 117, 119, 120, 122, 123, 125, 126, 127, 128, 129, 132, 532, 534, 536, 538, 539, 540, 541, 543, 546, 547, 548, 551, 552, 554, 555, 556, 558, 560, 561, 562, 564, 565, 567, 568, 569, 570, 572, 573, 575, 577, 578, 579, 581, 582, 583, 585, 592, 593, 595, 597, 598, 600, 601, 602, 603, 606, 608, 624, 625, 627, 628, 629, 630, 632, 642, 643, 645, 646, 652, 653, 654, 655, 656, 657], "excluded_lines": []}}}, "tools/evolution/communication/websocket_stream.py": {"executed_lines": [], "summary": {"covered_lines": 0, "num_statements": 2, "percent_covered": 0.0, "percent_covered_display": "0", "missing_lines": 2, "excluded_lines": 0}, "missing_lines": [6, 8], "excluded_lines": [], "functions": {"stream_handler": {"executed_lines": [], "summary": {"covered_lines": 0, "num_statements": 1, "percent_covered": 0.0, "percent_covered_display": "0", "missing_lines": 1, "excluded_lines": 0}, "missing_lines": [8], "excluded_lines": []}, "": {"executed_lines": [], "summary": {"covered_lines": 0, "num_statements": 1, "percent_covered": 0.0, "percent_covered_display": "0", "missing_lines": 1, "excluded_lines": 0}, "missing_lines": [6], "excluded_lines": []}}, "classes": {"": {"executed_lines": [], "summary": {"covered_lines": 0, "num_statements": 2, "percent_covered": 0.0, "percent_covered_display": "0", "missing_lines": 2, "excluded_lines": 0}, "missing_lines": [6, 8], "excluded_lines": []}}}, "tools/evolution/daemon.py": {"executed_lines": [2, 7, 8, 9, 10, 11, 12, 13, 14, 15, 17, 18, 19, 20, 21, 25, 27, 28, 30, 39, 42, 43, 45, 53, 56, 57, 60, 61, 64, 71, 72, 73, 74, 75, 76, 79, 81, 83, 84, 86, 88, 90, 109, 110, 112, 114, 115, 116, 117, 119, 121, 122, 124, 126, 127, 128, 129, 131, 133, 134, 135, 137, 139, 140, 141, 142, 144, 146, 147, 148, 149, 150, 152, 154, 156, 157, 159, 161, 162, 164, 166, 167, 168, 170, 177, 178, 179, 181, 182, 184, 185, 187, 188, 189, 190, 192, 194, 196, 201, 202, 203, 204, 206, 208, 209, 212, 214, 215, 217, 219, 220, 221, 225, 226, 227, 230, 231, 232, 233, 236, 238, 239, 240, 241, 244, 245, 246, 247, 251, 254, 255, 256, 261, 262, 263, 264, 267, 269, 270, 271, 274, 275, 278, 281, 282, 291, 292, 293, 295, 302, 303, 306, 309, 310, 311, 314, 315, 318, 319, 328, 335, 340, 344, 345, 348, 349, 350, 352, 360, 361, 363, 370, 372, 374, 375, 376, 378, 379, 381, 383, 386, 389, 391, 393, 396, 398, 404, 406, 407, 415, 416, 417, 419, 423, 424, 427, 429, 434, 436, 437, 440, 441, 443, 444, 448, 450, 452, 453, 459, 460, 461, 465, 468, 469, 470, 477, 480, 481, 486, 488, 489, 496, 498, 499, 500, 501, 502, 505, 510, 511, 512, 516, 520, 521, 525, 527, 530, 531, 532, 534, 535, 536, 538, 545, 546, 547, 548, 552, 561, 564, 565, 568, 570, 572, 573, 574, 577, 582, 583, 586, 587, 589, 590, 591, 596, 603, 605, 609, 611, 612, 613, 615, 629, 631, 632, 636, 639, 642, 644, 645, 648, 649, 650, 651, 652, 656, 657, 658, 660, 665, 666, 667, 670, 676, 682, 683, 684, 689, 695, 696, 699, 700, 705, 707, 708, 710, 723, 724, 725, 728, 729, 735, 764], "summary": {"covered_lines": 311, "num_statements": 359, "percent_covered": 86.62952646239555, "percent_covered_display": "87", "missing_lines": 48, "excluded_lines": 0}, "missing_lines": [283, 284, 329, 330, 331, 342, 426, 431, 432, 462, 463, 466, 472, 528, 529, 562, 592, 593, 633, 661, 662, 663, 686, 687, 701, 702, 731, 732, 737, 739, 740, 741, 742, 744, 746, 748, 749, 750, 751, 752, 753, 754, 756, 757, 758, 759, 761, 765], "excluded_lines": [], "functions": {"setup_logging": {"executed_lines": [27, 28, 30, 39], "summary": {"covered_lines": 4, "num_statements": 4, "percent_covered": 100.0, "percent_covered_display": "100", "missing_lines": 0, "excluded_lines": 0}, "missing_lines": [], "excluded_lines": []}, "EvolutionDaemon.__init__": {"executed_lines": [53, 56, 57, 60, 61, 64, 71, 72, 73, 74, 75, 76, 79], "summary": {"covered_lines": 13, "num_statements": 13, "percent_covered": 100.0, "percent_covered_display": "100", "missing_lines": 0, "excluded_lines": 0}, "missing_lines": [], "excluded_lines": []}, "EvolutionDaemon._load_config": {"executed_lines": [83, 84, 86, 88, 90, 109, 110], "summary": {"covered_lines": 7, "num_statements": 7, "percent_covered": 100.0, "percent_covered_display": "100", "missing_lines": 0, "excluded_lines": 0}, "missing_lines": [], "excluded_lines": []}, "EvolutionDaemon._write_pid": {"executed_lines": [114, 115, 116, 117], "summary": {"covered_lines": 4, "num_statements": 4, "percent_covered": 100.0, "percent_covered_display": "100", "missing_lines": 0, "excluded_lines": 0}, "missing_lines": [], "excluded_lines": []}, "EvolutionDaemon._remove_pid": {"executed_lines": [121, 122], "summary": {"covered_lines": 2, "num_statements": 2, "percent_covered": 100.0, "percent_covered_display": "100", "missing_lines": 0, "excluded_lines": 0}, "missing_lines": [], "excluded_lines": []}, "EvolutionDaemon.get_pid": {"executed_lines": [126, 127, 128, 129], "summary": {"covered_lines": 4, "num_statements": 4, "percent_covered": 100.0, "percent_covered_display": "100", "missing_lines": 0, "excluded_lines": 0}, "missing_lines": [], "excluded_lines": []}, "EvolutionDaemon.is_running": {"executed_lines": [133, 134, 135, 137, 139, 140, 141, 142], "summary": {"covered_lines": 8, "num_statements": 8, "percent_covered": 100.0, "percent_covered_display": "100", "missing_lines": 0, "excluded_lines": 0}, "missing_lines": [], "excluded_lines": []}, "EvolutionDaemon.setup_signal_handlers": {"executed_lines": [146, 147, 148, 149, 150, 152], "summary": {"covered_lines": 6, "num_statements": 6, "percent_covered": 100.0, "percent_covered_display": "100", "missing_lines": 0, "excluded_lines": 0}, "missing_lines": [], "excluded_lines": []}, "EvolutionDaemon._handle_sigterm": {"executed_lines": [156, 157], "summary": {"covered_lines": 2, "num_statements": 2, "percent_covered": 100.0, "percent_covered_display": "100", "missing_lines": 0, "excluded_lines": 0}, "missing_lines": [], "excluded_lines": []}, "EvolutionDaemon._handle_sigint": {"executed_lines": [161, 162], "summary": {"covered_lines": 2, "num_statements": 2, "percent_covered": 100.0, "percent_covered_display": "100", "missing_lines": 0, "excluded_lines": 0}, "missing_lines": [], "excluded_lines": []}, "EvolutionDaemon._handle_sighup": {"executed_lines": [166, 167, 168], "summary": {"covered_lines": 3, "num_statements": 3, "percent_covered": 100.0, "percent_covered_display": "100", "missing_lines": 0, "excluded_lines": 0}, "missing_lines": [], "excluded_lines": []}, "EvolutionDaemon.start": {"executed_lines": [177, 178, 179, 181, 182, 184, 185, 187, 188, 189, 190, 192, 194], "summary": {"covered_lines": 13, "num_statements": 13, "percent_covered": 100.0, "percent_covered_display": "100", "missing_lines": 0, "excluded_lines": 0}, "missing_lines": [], "excluded_lines": []}, "EvolutionDaemon._interruptible_sleep": {"executed_lines": [201, 202, 203, 204], "summary": {"covered_lines": 4, "num_statements": 4, "percent_covered": 100.0, "percent_covered_display": "100", "missing_lines": 0, "excluded_lines": 0}, "missing_lines": [], "excluded_lines": []}, "EvolutionDaemon.main_loop": {"executed_lines": [208, 209, 212, 214, 215, 217, 219, 220, 221, 225, 226, 227, 230, 231, 232, 233, 236, 238, 239, 240, 241, 244, 245, 246, 247, 251, 254, 255, 256, 261, 262, 263, 264, 267, 269, 270, 271, 274, 275, 278, 281, 282, 291, 292, 293], "summary": {"covered_lines": 45, "num_statements": 47, "percent_covered": 95.74468085106383, "percent_covered_display": "96", "missing_lines": 2, "excluded_lines": 0}, "missing_lines": [283, 284], "excluded_lines": []}, "EvolutionDaemon._execute_task": {"executed_lines": [302, 303, 306, 309, 310, 311, 314, 315, 318, 319, 328, 335, 340, 344, 345, 348, 349, 350, 352, 360, 361], "summary": {"covered_lines": 21, "num_statements": 25, "percent_covered": 84.0, "percent_covered_display": "84", "missing_lines": 4, "excluded_lines": 0}, "missing_lines": [329, 330, 331, 342], "excluded_lines": []}, "EvolutionDaemon.stop": {"executed_lines": [370, 372, 374, 375, 376, 378, 379], "summary": {"covered_lines": 7, "num_statements": 7, "percent_covered": 100.0, "percent_covered_display": "100", "missing_lines": 0, "excluded_lines": 0}, "missing_lines": [], "excluded_lines": []}, "EvolutionDaemon.cleanup": {"executed_lines": [383, 386, 389, 391], "summary": {"covered_lines": 4, "num_statements": 4, "percent_covered": 100.0, "percent_covered_display": "100", "missing_lines": 0, "excluded_lines": 0}, "missing_lines": [], "excluded_lines": []}, "EvolutionDaemon.get_uptime": {"executed_lines": [396], "summary": {"covered_lines": 1, "num_statements": 1, "percent_covered": 100.0, "percent_covered_display": "100", "missing_lines": 0, "excluded_lines": 0}, "missing_lines": [], "excluded_lines": []}, "EvolutionDaemon._check_open_prs": {"executed_lines": [404, 406, 407, 415, 416, 417, 419, 423, 424, 427, 429, 434, 436, 437, 440, 441, 443, 444, 448, 450, 452, 453, 459, 460, 461, 465, 468, 469, 470, 477, 480, 481, 486, 488, 489, 496, 498, 499, 500, 501, 502, 505, 510, 511, 512, 516, 520, 521, 525, 527, 530, 531, 532, 534, 535, 536], "summary": {"covered_lines": 56, "num_statements": 65, "percent_covered": 86.15384615384616, "percent_covered_display": "86", "missing_lines": 9, "excluded_lines": 0}, "missing_lines": [426, 431, 432, 462, 463, 466, 472, 528, 529], "excluded_lines": []}, "EvolutionDaemon._check_recently_closed_prs": {"executed_lines": [545, 546, 547, 548, 552, 561, 564, 565, 568, 570, 572, 573, 574, 577, 582, 583, 586, 587, 589, 590, 591, 596, 603, 605, 609, 611, 612, 613], "summary": {"covered_lines": 28, "num_statements": 31, "percent_covered": 90.3225806451613, "percent_covered_display": "90", "missing_lines": 3, "excluded_lines": 0}, "missing_lines": [562, 592, 593], "excluded_lines": []}, "EvolutionDaemon._detect_prs_and_complete_tasks": {"executed_lines": [629, 631, 632, 636, 639, 642, 644, 645, 648, 649, 650, 651, 652, 656, 657, 658, 660, 665, 666, 667, 670, 676, 682, 683, 684], "summary": {"covered_lines": 25, "num_statements": 31, "percent_covered": 80.64516129032258, "percent_covered_display": "81", "missing_lines": 6, "excluded_lines": 0}, "missing_lines": [633, 661, 662, 663, 686, 687], "excluded_lines": []}, "EvolutionDaemon._queue_next_improvement_task": {"executed_lines": [695, 696, 699, 700, 705, 707, 708, 710, 723, 724, 725, 728, 729], "summary": {"covered_lines": 13, "num_statements": 17, "percent_covered": 76.47058823529412, "percent_covered_display": "76", "missing_lines": 4, "excluded_lines": 0}, "missing_lines": [701, 702, 731, 732], "excluded_lines": []}, "main": {"executed_lines": [], "summary": {"covered_lines": 0, "num_statements": 19, "percent_covered": 0.0, "percent_covered_display": "0", "missing_lines": 19, "excluded_lines": 0}, "missing_lines": [737, 739, 740, 741, 742, 744, 746, 748, 749, 750, 751, 752, 753, 754, 756, 757, 758, 759, 761], "excluded_lines": []}, "": {"executed_lines": [2, 7, 8, 9, 10, 11, 12, 13, 14, 15, 17, 18, 19, 20, 21, 25, 42, 43, 45, 81, 112, 119, 124, 131, 144, 154, 159, 164, 170, 196, 206, 295, 363, 381, 393, 398, 538, 615, 689, 735, 764], "summary": {"covered_lines": 39, "num_statements": 40, "percent_covered": 97.5, "percent_covered_display": "98", "missing_lines": 1, "excluded_lines": 0}, "missing_lines": [765], "excluded_lines": []}}, "classes": {"EvolutionDaemon": {"executed_lines": [53, 56, 57, 60, 61, 64, 71, 72, 73, 74, 75, 76, 79, 83, 84, 86, 88, 90, 109, 110, 114, 115, 116, 117, 121, 122, 126, 127, 128, 129, 133, 134, 135, 137, 139, 140, 141, 142, 146, 147, 148, 149, 150, 152, 156, 157, 161, 162, 166, 167, 168, 177, 178, 179, 181, 182, 184, 185, 187, 188, 189, 190, 192, 194, 201, 202, 203, 204, 208, 209, 212, 214, 215, 217, 219, 220, 221, 225, 226, 227, 230, 231, 232, 233, 236, 238, 239, 240, 241, 244, 245, 246, 247, 251, 254, 255, 256, 261, 262, 263, 264, 267, 269, 270, 271, 274, 275, 278, 281, 282, 291, 292, 293, 302, 303, 306, 309, 310, 311, 314, 315, 318, 319, 328, 335, 340, 344, 345, 348, 349, 350, 352, 360, 361, 370, 372, 374, 375, 376, 378, 379, 383, 386, 389, 391, 396, 404, 406, 407, 415, 416, 417, 419, 423, 424, 427, 429, 434, 436, 437, 440, 441, 443, 444, 448, 450, 452, 453, 459, 460, 461, 465, 468, 469, 470, 477, 480, 481, 486, 488, 489, 496, 498, 499, 500, 501, 502, 505, 510, 511, 512, 516, 520, 521, 525, 527, 530, 531, 532, 534, 535, 536, 545, 546, 547, 548, 552, 561, 564, 565, 568, 570, 572, 573, 574, 577, 582, 583, 586, 587, 589, 590, 591, 596, 603, 605, 609, 611, 612, 613, 629, 631, 632, 636, 639, 642, 644, 645, 648, 649, 650, 651, 652, 656, 657, 658, 660, 665, 666, 667, 670, 676, 682, 683, 684, 695, 696, 699, 700, 705, 707, 708, 710, 723, 724, 725, 728, 729], "summary": {"covered_lines": 268, "num_statements": 296, "percent_covered": 90.54054054054055, "percent_covered_display": "91", "missing_lines": 28, "excluded_lines": 0}, "missing_lines": [283, 284, 329, 330, 331, 342, 426, 431, 432, 462, 463, 466, 472, 528, 529, 562, 592, 593, 633, 661, 662, 663, 686, 687, 701, 702, 731, 732], "excluded_lines": []}, "": {"executed_lines": [2, 7, 8, 9, 10, 11, 12, 13, 14, 15, 17, 18, 19, 20, 21, 25, 27, 28, 30, 39, 42, 43, 45, 81, 112, 119, 124, 131, 144, 154, 159, 164, 170, 196, 206, 295, 363, 381, 393, 398, 538, 615, 689, 735, 764], "summary": {"covered_lines": 43, "num_statements": 63, "percent_covered": 68.25396825396825, "percent_covered_display": "68", "missing_lines": 20, "excluded_lines": 0}, "missing_lines": [737, 739, 740, 741, 742, 744, 746, 748, 749, 750, 751, 752, 753, 754, 756, 757, 758, 759, 761, 765], "excluded_lines": []}}}, "tools/evolution/modes/__init__.py": {"executed_lines": [1, 3, 4, 5, 6, 8], "summary": {"covered_lines": 5, "num_statements": 5, "percent_covered": 100.0, "percent_covered_display": "100", "missing_lines": 0, "excluded_lines": 0}, "missing_lines": [], "excluded_lines": [], "functions": {"": {"executed_lines": [1, 3, 4, 5, 6, 8], "summary": {"covered_lines": 5, "num_statements": 5, "percent_covered": 100.0, "percent_covered_display": "100", "missing_lines": 0, "excluded_lines": 0}, "missing_lines": [], "excluded_lines": []}}, "classes": {"": {"executed_lines": [1, 3, 4, 5, 6, 8], "summary": {"covered_lines": 5, "num_statements": 5, "percent_covered": 100.0, "percent_covered_display": "100", "missing_lines": 0, "excluded_lines": 0}, "missing_lines": [], "excluded_lines": []}}}, "tools/evolution/modes/base_mode.py": {"executed_lines": [1, 3, 4, 5, 8, 9, 10, 11, 12, 13, 16, 17, 19, 21, 23, 24, 33, 34, 46, 47], "summary": {"covered_lines": 17, "num_statements": 20, "percent_covered": 85.0, "percent_covered_display": "85", "missing_lines": 3, "excluded_lines": 0}, "missing_lines": [31, 44, 57], "excluded_lines": [], "functions": {"BaseEvolutionMode.__init__": {"executed_lines": [21], "summary": {"covered_lines": 1, "num_statements": 1, "percent_covered": 100.0, "percent_covered_display": "100", "missing_lines": 0, "excluded_lines": 0}, "missing_lines": [], "excluded_lines": []}, "BaseEvolutionMode.generate_tasks": {"executed_lines": [], "summary": {"covered_lines": 0, "num_statements": 1, "percent_covered": 0.0, "percent_covered_display": "0", "missing_lines": 1, "excluded_lines": 0}, "missing_lines": [31], "excluded_lines": []}, "BaseEvolutionMode.execute_task": {"executed_lines": [], "summary": {"covered_lines": 0, "num_statements": 1, "percent_covered": 0.0, "percent_covered_display": "0", "missing_lines": 1, "excluded_lines": 0}, "missing_lines": [44], "excluded_lines": []}, "BaseEvolutionMode.validate_result": {"executed_lines": [], "summary": {"covered_lines": 0, "num_statements": 1, "percent_covered": 0.0, "percent_covered_display": "0", "missing_lines": 1, "excluded_lines": 0}, "missing_lines": [57], "excluded_lines": []}, "": {"executed_lines": [1, 3, 4, 5, 8, 9, 10, 11, 12, 13, 16, 17, 19, 23, 24, 33, 34, 46, 47], "summary": {"covered_lines": 16, "num_statements": 16, "percent_covered": 100.0, "percent_covered_display": "100", "missing_lines": 0, "excluded_lines": 0}, "missing_lines": [], "excluded_lines": []}}, "classes": {"TaskResult": {"executed_lines": [], "summary": {"covered_lines": 0, "num_statements": 0, "percent_covered": 100.0, "percent_covered_display": "100", "missing_lines": 0, "excluded_lines": 0}, "missing_lines": [], "excluded_lines": []}, "BaseEvolutionMode": {"executed_lines": [21], "summary": {"covered_lines": 1, "num_statements": 4, "percent_covered": 25.0, "percent_covered_display": "25", "missing_lines": 3, "excluded_lines": 0}, "missing_lines": [31, 44, 57], "excluded_lines": []}, "": {"executed_lines": [1, 3, 4, 5, 8, 9, 10, 11, 12, 13, 16, 17, 19, 23, 24, 33, 34, 46, 47], "summary": {"covered_lines": 16, "num_statements": 16, "percent_covered": 100.0, "percent_covered_display": "100", "missing_lines": 0, "excluded_lines": 0}, "missing_lines": [], "excluded_lines": []}}}, "tools/evolution/modes/chaos_creative.py": {"executed_lines": [1, 3, 4, 6, 9, 10, 12, 21, 54, 56, 57, 59, 68, 70, 71, 76, 85, 86, 88, 90, 92, 94, 95, 96, 98, 100, 108], "summary": {"covered_lines": 25, "num_statements": 25, "percent_covered": 100.0, "percent_covered_display": "100", "missing_lines": 0, "excluded_lines": 0}, "missing_lines": [], "excluded_lines": [], "functions": {"ChaosCreativeMode.generate_tasks": {"executed_lines": [56, 57, 59], "summary": {"covered_lines": 3, "num_statements": 3, "percent_covered": 100.0, "percent_covered_display": "100", "missing_lines": 0, "excluded_lines": 0}, "missing_lines": [], "excluded_lines": []}, "ChaosCreativeMode.execute_task": {"executed_lines": [70, 71, 76, 85, 86], "summary": {"covered_lines": 5, "num_statements": 5, "percent_covered": 100.0, "percent_covered_display": "100", "missing_lines": 0, "excluded_lines": 0}, "missing_lines": [], "excluded_lines": []}, "ChaosCreativeMode.validate_result": {"executed_lines": [90], "summary": {"covered_lines": 1, "num_statements": 1, "percent_covered": 100.0, "percent_covered_display": "100", "missing_lines": 0, "excluded_lines": 0}, "missing_lines": [], "excluded_lines": []}, "ChaosCreativeMode._weighted_random": {"executed_lines": [94, 95, 96], "summary": {"covered_lines": 3, "num_statements": 3, "percent_covered": 100.0, "percent_covered_display": "100", "missing_lines": 0, "excluded_lines": 0}, "missing_lines": [], "excluded_lines": []}, "ChaosCreativeMode._select_tech_stack": {"executed_lines": [100, 108], "summary": {"covered_lines": 2, "num_statements": 2, "percent_covered": 100.0, "percent_covered_display": "100", "missing_lines": 0, "excluded_lines": 0}, "missing_lines": [], "excluded_lines": []}, "": {"executed_lines": [1, 3, 4, 6, 9, 10, 12, 21, 54, 68, 88, 92, 98], "summary": {"covered_lines": 11, "num_statements": 11, "percent_covered": 100.0, "percent_covered_display": "100", "missing_lines": 0, "excluded_lines": 0}, "missing_lines": [], "excluded_lines": []}}, "classes": {"ChaosCreativeMode": {"executed_lines": [56, 57, 59, 70, 71, 76, 85, 86, 90, 94, 95, 96, 100, 108], "summary": {"covered_lines": 14, "num_statements": 14, "percent_covered": 100.0, "percent_covered_display": "100", "missing_lines": 0, "excluded_lines": 0}, "missing_lines": [], "excluded_lines": []}, "": {"executed_lines": [1, 3, 4, 6, 9, 10, 12, 21, 54, 68, 88, 92, 98], "summary": {"covered_lines": 11, "num_statements": 11, "percent_covered": 100.0, "percent_covered_display": "100", "missing_lines": 0, "excluded_lines": 0}, "missing_lines": [], "excluded_lines": []}}}, "tools/evolution/modes/research_discovery.py": {"executed_lines": [1, 3, 4, 6, 9, 10, 12, 16, 18, 20, 21, 22, 23, 32, 34, 42, 43, 45, 47, 49, 51], "summary": {"covered_lines": 19, "num_statements": 19, "percent_covered": 100.0, "percent_covered_display": "100", "missing_lines": 0, "excluded_lines": 0}, "missing_lines": [], "excluded_lines": [], "functions": {"ResearchDiscoveryMode.generate_tasks": {"executed_lines": [16], "summary": {"covered_lines": 1, "num_statements": 1, "percent_covered": 100.0, "percent_covered_display": "100", "missing_lines": 0, "excluded_lines": 0}, "missing_lines": [], "excluded_lines": []}, "ResearchDiscoveryMode.execute_task": {"executed_lines": [20, 21, 22, 23, 32, 34, 42, 43], "summary": {"covered_lines": 8, "num_statements": 8, "percent_covered": 100.0, "percent_covered_display": "100", "missing_lines": 0, "excluded_lines": 0}, "missing_lines": [], "excluded_lines": []}, "ResearchDiscoveryMode.validate_result": {"executed_lines": [47], "summary": {"covered_lines": 1, "num_statements": 1, "percent_covered": 100.0, "percent_covered_display": "100", "missing_lines": 0, "excluded_lines": 0}, "missing_lines": [], "excluded_lines": []}, "ResearchDiscoveryMode._create_placeholder_report": {"executed_lines": [51], "summary": {"covered_lines": 1, "num_statements": 1, "percent_covered": 100.0, "percent_covered_display": "100", "missing_lines": 0, "excluded_lines": 0}, "missing_lines": [], "excluded_lines": []}, "": {"executed_lines": [1, 3, 4, 6, 9, 10, 12, 18, 45, 49], "summary": {"covered_lines": 8, "num_statements": 8, "percent_covered": 100.0, "percent_covered_display": "100", "missing_lines": 0, "excluded_lines": 0}, "missing_lines": [], "excluded_lines": []}}, "classes": {"ResearchDiscoveryMode": {"executed_lines": [16, 20, 21, 22, 23, 32, 34, 42, 43, 47, 51], "summary": {"covered_lines": 11, "num_statements": 11, "percent_covered": 100.0, "percent_covered_display": "100", "missing_lines": 0, "excluded_lines": 0}, "missing_lines": [], "excluded_lines": []}, "": {"executed_lines": [1, 3, 4, 6, 9, 10, 12, 18, 45, 49], "summary": {"covered_lines": 8, "num_statements": 8, "percent_covered": 100.0, "percent_covered_display": "100", "missing_lines": 0, "excluded_lines": 0}, "missing_lines": [], "excluded_lines": []}}}, "tools/evolution/modes/self_improvement.py": {"executed_lines": [1, 3, 4, 5, 6, 8, 11, 12, 16, 23, 34, 37, 38, 39, 41, 43, 45, 48, 51, 53, 54, 66, 68, 74, 75, 76, 79, 82, 83, 97, 98, 100, 103, 104, 106, 109, 110, 112, 117, 123, 124, 126, 128, 130, 131, 140, 141, 142, 143, 144, 147, 148, 149, 151, 152, 158, 159, 160, 163, 164, 165, 167, 168, 169, 170, 177, 178, 179, 181, 182, 189, 190, 193, 194, 197, 198, 199, 200, 203, 204, 205, 206, 207, 208, 209, 211, 212, 213, 214, 215, 229, 230, 231, 232, 233, 234, 235, 236, 237, 239, 241, 248, 249, 250, 251, 252, 253, 254, 255, 256, 257, 258, 259, 260, 261, 262, 263, 264, 265, 266, 267, 268, 273, 274, 275, 276, 277, 309, 310, 311, 312, 313, 321, 322, 323, 324, 334, 335, 336, 339, 340, 341, 342, 343, 344, 345, 346, 347, 348, 350, 351, 352, 353, 354, 356, 357, 358, 359, 360, 361, 362, 364, 365, 366, 367, 368, 370, 371, 372, 373, 374, 376, 377, 378, 380, 381, 386, 387, 390, 392, 396, 398, 400, 401, 406, 407, 408, 409, 416, 417, 432, 433, 434, 436, 437, 438, 439, 440, 441, 443, 445, 446, 452, 453, 454, 455, 456, 457, 458, 459, 460, 461, 473, 475, 487, 488, 489], "summary": {"covered_lines": 168, "num_statements": 179, "percent_covered": 93.85474860335195, "percent_covered_display": "94", "missing_lines": 11, "excluded_lines": 0}, "missing_lines": [145, 146, 191, 195, 382, 383, 391, 393, 405, 413, 414], "excluded_lines": [], "functions": {"SelfImprovementMode._is_protected_file": {"executed_lines": [34, 37, 38, 39, 41], "summary": {"covered_lines": 5, "num_statements": 5, "percent_covered": 100.0, "percent_covered_display": "100", "missing_lines": 0, "excluded_lines": 0}, "missing_lines": [], "excluded_lines": []}, "SelfImprovementMode.generate_tasks": {"executed_lines": [45, 48, 51, 53, 54, 66], "summary": {"covered_lines": 6, "num_statements": 6, "percent_covered": 100.0, "percent_covered_display": "100", "missing_lines": 0, "excluded_lines": 0}, "missing_lines": [], "excluded_lines": []}, "SelfImprovementMode.execute_task": {"executed_lines": [74, 75, 76, 79, 82, 83, 97, 98, 100, 103, 104, 106, 109, 110, 112, 117, 123, 124], "summary": {"covered_lines": 18, "num_statements": 18, "percent_covered": 100.0, "percent_covered_display": "100", "missing_lines": 0, "excluded_lines": 0}, "missing_lines": [], "excluded_lines": []}, "SelfImprovementMode.validate_result": {"executed_lines": [128], "summary": {"covered_lines": 1, "num_statements": 1, "percent_covered": 100.0, "percent_covered_display": "100", "missing_lines": 0, "excluded_lines": 0}, "missing_lines": [], "excluded_lines": []}, "SelfImprovementMode._load_search_config": {"executed_lines": [131, 140, 141, 142, 143, 144, 147, 148, 149], "summary": {"covered_lines": 8, "num_statements": 10, "percent_covered": 80.0, "percent_covered_display": "80", "missing_lines": 2, "excluded_lines": 0}, "missing_lines": [145, 146], "excluded_lines": []}, "SelfImprovementMode._find_todos": {"executed_lines": [152, 158, 159, 160, 163, 164, 165, 167, 168, 169, 170, 177, 178, 179, 181, 182, 189, 190, 193, 194, 197, 198, 199, 200, 203, 204, 205, 206, 207, 208, 209, 211, 212, 213, 214, 215, 229, 230, 231, 232, 233, 234, 235, 236, 237, 239, 241, 248, 249, 250, 251, 252, 253, 254, 255, 256, 257, 258, 259, 260, 261, 262, 263, 264, 265], "summary": {"covered_lines": 45, "num_statements": 47, "percent_covered": 95.74468085106383, "percent_covered_display": "96", "missing_lines": 2, "excluded_lines": 0}, "missing_lines": [191, 195], "excluded_lines": []}, "SelfImprovementMode._generate_improvement_tasks": {"executed_lines": [268, 273, 274, 275, 276, 277, 309, 310, 311, 312, 313, 321], "summary": {"covered_lines": 7, "num_statements": 7, "percent_covered": 100.0, "percent_covered_display": "100", "missing_lines": 0, "excluded_lines": 0}, "missing_lines": [], "excluded_lines": []}, "SelfImprovementMode._prioritize_todo": {"executed_lines": [324, 334, 335, 336, 339, 340, 341, 342, 343, 344, 345, 346, 347, 348, 350, 351, 352, 353, 354, 356, 357, 358, 359, 360, 361, 362, 364, 365, 366, 367, 368, 370, 371, 372, 373, 374, 376, 377, 378, 380, 381, 386, 387, 390, 392, 396, 398], "summary": {"covered_lines": 39, "num_statements": 43, "percent_covered": 90.69767441860465, "percent_covered_display": "91", "missing_lines": 4, "excluded_lines": 0}, "missing_lines": [382, 383, 391, 393], "excluded_lines": []}, "SelfImprovementMode._calculate_todo_priority": {"executed_lines": [401, 406], "summary": {"covered_lines": 1, "num_statements": 2, "percent_covered": 50.0, "percent_covered_display": "50", "missing_lines": 1, "excluded_lines": 0}, "missing_lines": [405], "excluded_lines": []}, "SelfImprovementMode._categorize_todo": {"executed_lines": [409], "summary": {"covered_lines": 0, "num_statements": 2, "percent_covered": 0.0, "percent_covered_display": "0", "missing_lines": 2, "excluded_lines": 0}, "missing_lines": [413, 414], "excluded_lines": []}, "SelfImprovementMode._delegate_to_context_foundry": {"executed_lines": [417, 432, 433, 434, 436, 437, 438, 439, 440, 441, 443, 445, 446, 452, 453, 454, 455, 456, 457, 458, 459, 460, 461, 473, 475, 487, 488, 489], "summary": {"covered_lines": 20, "num_statements": 20, "percent_covered": 100.0, "percent_covered_display": "100", "missing_lines": 0, "excluded_lines": 0}, "missing_lines": [], "excluded_lines": []}, "": {"executed_lines": [1, 3, 4, 5, 6, 8, 11, 12, 16, 23, 43, 68, 126, 130, 151, 266, 267, 322, 323, 400, 407, 408, 416], "summary": {"covered_lines": 18, "num_statements": 18, "percent_covered": 100.0, "percent_covered_display": "100", "missing_lines": 0, "excluded_lines": 0}, "missing_lines": [], "excluded_lines": []}}, "classes": {"SelfImprovementMode": {"executed_lines": [34, 37, 38, 39, 41, 45, 48, 51, 53, 54, 66, 74, 75, 76, 79, 82, 83, 97, 98, 100, 103, 104, 106, 109, 110, 112, 117, 123, 124, 128, 131, 140, 141, 142, 143, 144, 147, 148, 149, 152, 158, 159, 160, 163, 164, 165, 167, 168, 169, 170, 177, 178, 179, 181, 182, 189, 190, 193, 194, 197, 198, 199, 200, 203, 204, 205, 206, 207, 208, 209, 211, 212, 213, 214, 215, 229, 230, 231, 232, 233, 234, 235, 236, 237, 239, 241, 248, 249, 250, 251, 252, 253, 254, 255, 256, 257, 258, 259, 260, 261, 262, 263, 264, 265, 268, 273, 274, 275, 276, 277, 309, 310, 311, 312, 313, 321, 324, 334, 335, 336, 339, 340, 341, 342, 343, 344, 345, 346, 347, 348, 350, 351, 352, 353, 354, 356, 357, 358, 359, 360, 361, 362, 364, 365, 366, 367, 368, 370, 371, 372, 373, 374, 376, 377, 378, 380, 381, 386, 387, 390, 392, 396, 398, 401, 406, 409, 417, 432, 433, 434, 436, 437, 438, 439, 440, 441, 443, 445, 446, 452, 453, 454, 455, 456, 457, 458, 459, 460, 461, 473, 475, 487, 488, 489], "summary": {"covered_lines": 150, "num_statements": 161, "percent_covered": 93.16770186335404, "percent_covered_display": "93", "missing_lines": 11, "excluded_lines": 0}, "missing_lines": [145, 146, 191, 195, 382, 383, 391, 393, 405, 413, 414], "excluded_lines": []}, "": {"executed_lines": [1, 3, 4, 5, 6, 8, 11, 12, 16, 23, 43, 68, 126, 130, 151, 266, 267, 322, 323, 400, 407, 408, 416], "summary": {"covered_lines": 18, "num_statements": 18, "percent_covered": 100.0, "percent_covered_display": "100", "missing_lines": 0, "excluded_lines": 0}, "missing_lines": [], "excluded_lines": []}}}, "tools/evolution/resource_manager.py": {"executed_lines": [2, 7, 8, 9, 12, 13, 15, 22, 23, 24, 25, 27, 34, 35, 37, 44, 45, 46, 48, 55, 56, 57, 59, 66, 67, 68, 70, 72, 82, 84, 86, 87, 88, 90], "summary": {"covered_lines": 32, "num_statements": 32, "percent_covered": 100.0, "percent_covered_display": "100", "missing_lines": 0, "excluded_lines": 0}, "missing_lines": [], "excluded_lines": [], "functions": {"ResourceManager.__init__": {"executed_lines": [22, 23, 24, 25], "summary": {"covered_lines": 4, "num_statements": 4, "percent_covered": 100.0, "percent_covered_display": "100", "missing_lines": 0, "excluded_lines": 0}, "missing_lines": [], "excluded_lines": []}, "ResourceManager.check_cpu": {"executed_lines": [34, 35], "summary": {"covered_lines": 2, "num_statements": 2, "percent_covered": 100.0, "percent_covered_display": "100", "missing_lines": 0, "excluded_lines": 0}, "missing_lines": [], "excluded_lines": []}, "ResourceManager.check_memory": {"executed_lines": [44, 45, 46], "summary": {"covered_lines": 3, "num_statements": 3, "percent_covered": 100.0, "percent_covered_display": "100", "missing_lines": 0, "excluded_lines": 0}, "missing_lines": [], "excluded_lines": []}, "ResourceManager.is_active_hour": {"executed_lines": [55, 56, 57], "summary": {"covered_lines": 3, "num_statements": 3, "percent_covered": 100.0, "percent_covered_display": "100", "missing_lines": 0, "excluded_lines": 0}, "missing_lines": [], "excluded_lines": []}, "ResourceManager.can_accept_task": {"executed_lines": [66, 67, 68, 70, 72, 82], "summary": {"covered_lines": 6, "num_statements": 6, "percent_covered": 100.0, "percent_covered_display": "100", "missing_lines": 0, "excluded_lines": 0}, "missing_lines": [], "excluded_lines": []}, "ResourceManager.get_resource_usage": {"executed_lines": [86, 87, 88, 90], "summary": {"covered_lines": 4, "num_statements": 4, "percent_covered": 100.0, "percent_covered_display": "100", "missing_lines": 0, "excluded_lines": 0}, "missing_lines": [], "excluded_lines": []}, "": {"executed_lines": [2, 7, 8, 9, 12, 13, 15, 27, 37, 48, 59, 84], "summary": {"covered_lines": 10, "num_statements": 10, "percent_covered": 100.0, "percent_covered_display": "100", "missing_lines": 0, "excluded_lines": 0}, "missing_lines": [], "excluded_lines": []}}, "classes": {"ResourceManager": {"executed_lines": [22, 23, 24, 25, 34, 35, 44, 45, 46, 55, 56, 57, 66, 67, 68, 70, 72, 82, 86, 87, 88, 90], "summary": {"covered_lines": 22, "num_statements": 22, "percent_covered": 100.0, "percent_covered_display": "100", "missing_lines": 0, "excluded_lines": 0}, "missing_lines": [], "excluded_lines": []}, "": {"executed_lines": [2, 7, 8, 9, 12, 13, 15, 27, 37, 48, 59, 84], "summary": {"covered_lines": 10, "num_statements": 10, "percent_covered": 100.0, "percent_covered_display": "100", "missing_lines": 0, "excluded_lines": 0}, "missing_lines": [], "excluded_lines": []}}}, "tools/evolution/task_queue.py": {"executed_lines": [2, 7, 8, 9, 10, 11, 12, 13, 14, 17, 18, 19, 20, 21, 22, 23, 26, 27, 28, 29, 30, 31, 32, 35, 36, 37, 38, 39, 40, 41, 42, 43, 44, 45, 46, 47, 48, 49, 51, 53, 55, 56, 58, 61, 62, 64, 71, 72, 73, 74, 75, 77, 78, 79, 81, 83, 84, 87, 90, 153, 155, 167, 168, 170, 175, 176, 178, 186, 188, 189, 196, 197, 198, 201, 202, 204, 210, 213, 231, 241, 243, 249, 251, 258, 264, 266, 268, 270, 272, 274, 284, 287, 295, 300, 301, 303, 305, 307, 309, 310, 312, 327, 329, 330, 332, 333, 334, 336, 340, 341, 343, 345, 346, 347, 362, 364, 366, 368, 370, 372, 374, 376, 378, 380, 382, 388, 389, 393, 395, 397, 402, 404, 406, 409, 411, 412, 413, 421, 425, 427, 428, 430, 435, 436, 438, 440, 442, 443, 445, 454, 456, 457], "summary": {"covered_lines": 147, "num_statements": 153, "percent_covered": 96.07843137254902, "percent_covered_display": "96", "missing_lines": 6, "excluded_lines": 0}, "missing_lines": [227, 228, 229, 337, 338, 407], "excluded_lines": [], "functions": {"Task.to_dict": {"executed_lines": [53], "summary": {"covered_lines": 1, "num_statements": 1, "percent_covered": 100.0, "percent_covered_display": "100", "missing_lines": 0, "excluded_lines": 0}, "missing_lines": [], "excluded_lines": []}, "Task.from_dict": {"executed_lines": [58], "summary": {"covered_lines": 1, "num_statements": 1, "percent_covered": 100.0, "percent_covered_display": "100", "missing_lines": 0, "excluded_lines": 0}, "missing_lines": [], "excluded_lines": []}, "TaskQueueManager.__init__": {"executed_lines": [71, 72, 73, 74, 75, 77, 78, 79], "summary": {"covered_lines": 8, "num_statements": 8, "percent_covered": 100.0, "percent_covered_display": "100", "missing_lines": 0, "excluded_lines": 0}, "missing_lines": [], "excluded_lines": []}, "TaskQueueManager._init_db": {"executed_lines": [83, 84, 87, 90, 153], "summary": {"covered_lines": 5, "num_statements": 5, "percent_covered": 100.0, "percent_covered_display": "100", "missing_lines": 0, "excluded_lines": 0}, "missing_lines": [], "excluded_lines": []}, "TaskQueueManager.create_task": {"executed_lines": [167, 168, 170, 175, 176], "summary": {"covered_lines": 5, "num_statements": 5, "percent_covered": 100.0, "percent_covered_display": "100", "missing_lines": 0, "excluded_lines": 0}, "missing_lines": [], "excluded_lines": []}, "TaskQueueManager.get_next_task": {"executed_lines": [186, 188, 189, 196, 197, 198, 201, 202, 204, 210, 213], "summary": {"covered_lines": 11, "num_statements": 14, "percent_covered": 78.57142857142857, "percent_covered_display": "79", "missing_lines": 3, "excluded_lines": 0}, "missing_lines": [227, 228, 229], "excluded_lines": []}, "TaskQueueManager.update_task_status": {"executed_lines": [241, 243, 249], "summary": {"covered_lines": 3, "num_statements": 3, "percent_covered": 100.0, "percent_covered_display": "100", "missing_lines": 0, "excluded_lines": 0}, "missing_lines": [], "excluded_lines": []}, "TaskQueueManager.retry_task": {"executed_lines": [258, 264], "summary": {"covered_lines": 2, "num_statements": 2, "percent_covered": 100.0, "percent_covered_display": "100", "missing_lines": 0, "excluded_lines": 0}, "missing_lines": [], "excluded_lines": []}, "TaskQueueManager.should_retry": {"executed_lines": [268], "summary": {"covered_lines": 1, "num_statements": 1, "percent_covered": 100.0, "percent_covered_display": "100", "missing_lines": 0, "excluded_lines": 0}, "missing_lines": [], "excluded_lines": []}, "TaskQueueManager.calculate_backoff": {"executed_lines": [272], "summary": {"covered_lines": 1, "num_statements": 1, "percent_covered": 100.0, "percent_covered_display": "100", "missing_lines": 0, "excluded_lines": 0}, "missing_lines": [], "excluded_lines": []}, "TaskQueueManager.archive_old_tasks": {"executed_lines": [284, 287, 295, 300, 301, 303], "summary": {"covered_lines": 6, "num_statements": 6, "percent_covered": 100.0, "percent_covered_display": "100", "missing_lines": 0, "excluded_lines": 0}, "missing_lines": [], "excluded_lines": []}, "TaskQueueManager.get_task": {"executed_lines": [307, 309, 310, 312], "summary": {"covered_lines": 4, "num_statements": 4, "percent_covered": 100.0, "percent_covered_display": "100", "missing_lines": 0, "excluded_lines": 0}, "missing_lines": [], "excluded_lines": []}, "TaskQueueManager.list_tasks": {"executed_lines": [329, 330, 332, 333, 334, 336, 340, 341, 343, 345, 346, 347, 362], "summary": {"covered_lines": 13, "num_statements": 15, "percent_covered": 86.66666666666667, "percent_covered_display": "87", "missing_lines": 2, "excluded_lines": 0}, "missing_lines": [337, 338], "excluded_lines": []}, "TaskQueueManager.count_pending": {"executed_lines": [366], "summary": {"covered_lines": 1, "num_statements": 1, "percent_covered": 100.0, "percent_covered_display": "100", "missing_lines": 0, "excluded_lines": 0}, "missing_lines": [], "excluded_lines": []}, "TaskQueueManager.count_completed": {"executed_lines": [370], "summary": {"covered_lines": 1, "num_statements": 1, "percent_covered": 100.0, "percent_covered_display": "100", "missing_lines": 0, "excluded_lines": 0}, "missing_lines": [], "excluded_lines": []}, "TaskQueueManager.count_failed": {"executed_lines": [374], "summary": {"covered_lines": 1, "num_statements": 1, "percent_covered": 100.0, "percent_covered_display": "100", "missing_lines": 0, "excluded_lines": 0}, "missing_lines": [], "excluded_lines": []}, "TaskQueueManager.count_running": {"executed_lines": [378], "summary": {"covered_lines": 1, "num_statements": 1, "percent_covered": 100.0, "percent_covered_display": "100", "missing_lines": 0, "excluded_lines": 0}, "missing_lines": [], "excluded_lines": []}, "TaskQueueManager.cancel_task": {"executed_lines": [382, 388, 389], "summary": {"covered_lines": 3, "num_statements": 3, "percent_covered": 100.0, "percent_covered_display": "100", "missing_lines": 0, "excluded_lines": 0}, "missing_lines": [], "excluded_lines": []}, "TaskQueueManager.register_project": {"executed_lines": [395, 397, 402], "summary": {"covered_lines": 3, "num_statements": 3, "percent_covered": 100.0, "percent_covered_display": "100", "missing_lines": 0, "excluded_lines": 0}, "missing_lines": [], "excluded_lines": []}, "TaskQueueManager.list_projects": {"executed_lines": [406, 409, 411, 412, 413, 421], "summary": {"covered_lines": 6, "num_statements": 7, "percent_covered": 85.71428571428571, "percent_covered_display": "86", "missing_lines": 1, "excluded_lines": 0}, "missing_lines": [407], "excluded_lines": []}, "TaskQueueManager.register_agent": {"executed_lines": [427, 428, 430, 435, 436], "summary": {"covered_lines": 5, "num_statements": 5, "percent_covered": 100.0, "percent_covered_display": "100", "missing_lines": 0, "excluded_lines": 0}, "missing_lines": [], "excluded_lines": []}, "TaskQueueManager.get_agent": {"executed_lines": [440, 442, 443, 445], "summary": {"covered_lines": 4, "num_statements": 4, "percent_covered": 100.0, "percent_covered_display": "100", "missing_lines": 0, "excluded_lines": 0}, "missing_lines": [], "excluded_lines": []}, "TaskQueueManager.close": {"executed_lines": [456, 457], "summary": {"covered_lines": 2, "num_statements": 2, "percent_covered": 100.0, "percent_covered_display": "100", "missing_lines": 0, "excluded_lines": 0}, "missing_lines": [], "excluded_lines": []}, "": {"executed_lines": [2, 7, 8, 9, 10, 11, 12, 13, 14, 17, 18, 19, 20, 21, 22, 23, 26, 27, 28, 29, 30, 31, 32, 35, 36, 37, 38, 39, 40, 41, 42, 43, 44, 45, 46, 47, 48, 49, 51, 55, 56, 61, 62, 64, 81, 155, 178, 231, 251, 266, 270, 274, 305, 327, 364, 368, 372, 376, 380, 393, 404, 425, 438, 454], "summary": {"covered_lines": 59, "num_statements": 59, "percent_covered": 100.0, "percent_covered_display": "100", "missing_lines": 0, "excluded_lines": 0}, "missing_lines": [], "excluded_lines": []}}, "classes": {"TaskStatus": {"executed_lines": [], "summary": {"covered_lines": 0, "num_statements": 0, "percent_covered": 100.0, "percent_covered_display": "100", "missing_lines": 0, "excluded_lines": 0}, "missing_lines": [], "excluded_lines": []}, "TaskType": {"executed_lines": [], "summary": {"covered_lines": 0, "num_statements": 0, "percent_covered": 100.0, "percent_covered_display": "100", "missing_lines": 0, "excluded_lines": 0}, "missing_lines": [], "excluded_lines": []}, "Task": {"executed_lines": [53, 58], "summary": {"covered_lines": 2, "num_statements": 2, "percent_covered": 100.0, "percent_covered_display": "100", "missing_lines": 0, "excluded_lines": 0}, "missing_lines": [], "excluded_lines": []}, "TaskQueueManager": {"executed_lines": [71, 72, 73, 74, 75, 77, 78, 79, 83, 84, 87, 90, 153, 167, 168, 170, 175, 176, 186, 188, 189, 196, 197, 198, 201, 202, 204, 210, 213, 241, 243, 249, 258, 264, 268, 272, 284, 287, 295, 300, 301, 303, 307, 309, 310, 312, 329, 330, 332, 333, 334, 336, 340, 341, 343, 345, 346, 347, 362, 366, 370, 374, 378, 382, 388, 389, 395, 397, 402, 406, 409, 411, 412, 413, 421, 427, 428, 430, 435, 436, 440, 442, 443, 445, 456, 457], "summary": {"covered_lines": 86, "num_statements": 92, "percent_covered": 93.47826086956522, "percent_covered_display": "93", "missing_lines": 6, "excluded_lines": 0}, "missing_lines": [227, 228, 229, 337, 338, 407], "excluded_lines": []}, "": {"executed_lines": [2, 7, 8, 9, 10, 11, 12, 13, 14, 17, 18, 19, 20, 21, 22, 23, 26, 27, 28, 29, 30, 31, 32, 35, 36, 37, 38, 39, 40, 41, 42, 43, 44, 45, 46, 47, 48, 49, 51, 55, 56, 61, 62, 64, 81, 155, 178, 231, 251, 266, 270, 274, 305, 327, 364, 368, 372, 376, 380, 393, 404, 425, 438, 454], "summary": {"covered_lines": 59, "num_statements": 59, "percent_covered": 100.0, "percent_covered_display": "100", "missing_lines": 0, "excluded_lines": 0}, "missing_lines": [], "excluded_lines": []}}}}, "totals": {"covered_lines": 798, "num_statements": 1017, "percent_covered": 78.46607669616519, "percent_covered_display": "78", "missing_lines": 219, "excluded_lines": 0}}