{"meta": {"format": 3, "version": "7.10.7", "timestamp": "2025-11-08T15:43:37.867476", "branch_coverage": false, "show_contexts": false}, "files": {"extensions/flowise/__init__.py": {"executed_lines": [], "summary": {"covered_lines": 0, "num_statements": 6, "percent_covered": 0.0, "percent_covered_display": "0", "missing_lines": 6, "excluded_lines": 0}, "missing_lines": [7, 8, 11, 12, 13, 15], "excluded_lines": [], "functions": {"": {"executed_lines": [], "summary": {"covered_lines": 0, "num_statements": 6, "percent_covered": 0.0, "percent_covered_display": "0", "missing_lines": 6, "excluded_lines": 0}, "missing_lines": [7, 8, 11, 12, 13, 15], "excluded_lines": []}}, "classes": {"": {"executed_lines": [], "summary": {"covered_lines": 0, "num_statements": 6, "percent_covered": 0.0, "percent_covered_display": "0", "missing_lines": 6, "excluded_lines": 0}, "missing_lines": [7, 8, 11, 12, 13, 15], "excluded_lines": []}}}, "extensions/flowise/analyzer.py": {"executed_lines": [], "summary": {"covered_lines": 0, "num_statements": 162, "percent_covered": 0.0, "percent_covered_display": "0", "missing_lines": 162, "excluded_lines": 0}, "missing_lines": [7, 8, 9, 10, 11, 14, 28, 29, 30, 31, 32, 38, 39, 41, 42, 44, 56, 70, 71, 76, 78, 79, 85, 86, 87, 89, 90, 91, 92, 95, 96, 99, 100, 102, 113, 128, 129, 131, 132, 134, 135, 136, 139, 146, 149, 150, 156, 157, 158, 164, 167, 183, 184, 187, 188, 189, 190, 196, 198, 199, 201, 202, 203, 205, 206, 208, 209, 211, 212, 215, 216, 218, 226, 229, 240, 242, 243, 246, 248, 250, 251, 252, 254, 255, 256, 257, 259, 265, 267, 268, 269, 271, 272, 273, 275, 276, 278, 279, 282, 283, 286, 287, 289, 297, 299, 300, 303, 304, 307, 308, 311, 312, 315, 316, 319, 320, 322, 325, 327, 328, 330, 331, 333, 347, 349, 353, 359, 365, 371, 373, 374, 375, 377, 378, 379, 380, 381, 382, 383, 384, 385, 386, 388, 390, 391, 392, 394, 395, 396, 397, 398, 399, 400, 401, 403, 404, 405, 406, 408, 411, 414, 415], "excluded_lines": [], "functions": {"analyze_template": {"executed_lines": [], "summary": {"covered_lines": 0, "num_statements": 10, "percent_covered": 0.0, "percent_covered_display": "0", "missing_lines": 10, "excluded_lines": 0}, "missing_lines": [28, 29, 30, 31, 32, 38, 39, 41, 42, 44], "excluded_lines": []}, "analyze_directory": {"executed_lines": [], "summary": {"covered_lines": 0, "num_statements": 17, "percent_covered": 0.0, "percent_covered_display": "0", "missing_lines": 17, "excluded_lines": 0}, "missing_lines": [70, 71, 76, 78, 79, 85, 86, 87, 89, 90, 91, 92, 95, 96, 99, 100, 102], "excluded_lines": []}, "extract_node_patterns": {"executed_lines": [], "summary": {"covered_lines": 0, "num_statements": 15, "percent_covered": 0.0, "percent_covered_display": "0", "missing_lines": 15, "excluded_lines": 0}, "missing_lines": [128, 129, 131, 132, 134, 135, 136, 139, 146, 149, 150, 156, 157, 158, 164], "excluded_lines": []}, "extract_connection_patterns": {"executed_lines": [], "summary": {"covered_lines": 0, "num_statements": 22, "percent_covered": 0.0, "percent_covered_display": "0", "missing_lines": 22, "excluded_lines": 0}, "missing_lines": [183, 184, 187, 188, 189, 190, 196, 198, 199, 201, 202, 203, 205, 206, 208, 209, 211, 212, 215, 216, 218, 226], "excluded_lines": []}, "export_patterns": {"executed_lines": [], "summary": {"covered_lines": 0, "num_statements": 3, "percent_covered": 0.0, "percent_covered_display": "0", "missing_lines": 3, "excluded_lines": 0}, "missing_lines": [240, 242, 243], "excluded_lines": []}, "_extract_configurations": {"executed_lines": [], "summary": {"covered_lines": 0, "num_statements": 9, "percent_covered": 0.0, "percent_covered_display": "0", "missing_lines": 9, "excluded_lines": 0}, "missing_lines": [248, 250, 251, 252, 254, 255, 256, 257, 259], "excluded_lines": []}, "_identify_quality_markers": {"executed_lines": [], "summary": {"covered_lines": 0, "num_statements": 15, "percent_covered": 0.0, "percent_covered_display": "0", "missing_lines": 15, "excluded_lines": 0}, "missing_lines": [267, 268, 269, 271, 272, 273, 275, 276, 278, 279, 282, 283, 286, 287, 289], "excluded_lines": []}, "_classify_connection": {"executed_lines": [], "summary": {"covered_lines": 0, "num_statements": 13, "percent_covered": 0.0, "percent_covered_display": "0", "missing_lines": 13, "excluded_lines": 0}, "missing_lines": [299, 300, 303, 304, 307, 308, 311, 312, 315, 316, 319, 320, 322], "excluded_lines": []}, "_extract_common_patterns": {"executed_lines": [], "summary": {"covered_lines": 0, "num_statements": 5, "percent_covered": 0.0, "percent_covered_display": "0", "missing_lines": 5, "excluded_lines": 0}, "missing_lines": [327, 328, 330, 331, 333], "excluded_lines": []}, "main": {"executed_lines": [], "summary": {"covered_lines": 0, "num_statements": 36, "percent_covered": 0.0, "percent_covered_display": "0", "missing_lines": 36, "excluded_lines": 0}, "missing_lines": [349, 353, 359, 365, 371, 373, 374, 375, 377, 378, 379, 380, 381, 382, 383, 384, 385, 386, 388, 390, 391, 392, 394, 395, 396, 397, 398, 399, 400, 401, 403, 404, 405, 406, 408, 411], "excluded_lines": []}, "": {"executed_lines": [], "summary": {"covered_lines": 0, "num_statements": 17, "percent_covered": 0.0, "percent_covered_display": "0", "missing_lines": 17, "excluded_lines": 0}, "missing_lines": [7, 8, 9, 10, 11, 14, 56, 113, 167, 229, 246, 265, 297, 325, 347, 414, 415], "excluded_lines": []}}, "classes": {"": {"executed_lines": [], "summary": {"covered_lines": 0, "num_statements": 162, "percent_covered": 0.0, "percent_covered_display": "0", "missing_lines": 162, "excluded_lines": 0}, "missing_lines": [7, 8, 9, 10, 11, 14, 28, 29, 30, 31, 32, 38, 39, 41, 42, 44, 56, 70, 71, 76, 78, 79, 85, 86, 87, 89, 90, 91, 92, 95, 96, 99, 100, 102, 113, 128, 129, 131, 132, 134, 135, 136, 139, 146, 149, 150, 156, 157, 158, 164, 167, 183, 184, 187, 188, 189, 190, 196, 198, 199, 201, 202, 203, 205, 206, 208, 209, 211, 212, 215, 216, 218, 226, 229, 240, 242, 243, 246, 248, 250, 251, 252, 254, 255, 256, 257, 259, 265, 267, 268, 269, 271, 272, 273, 275, 276, 278, 279, 282, 283, 286, 287, 289, 297, 299, 300, 303, 304, 307, 308, 311, 312, 315, 316, 319, 320, 322, 325, 327, 328, 330, 331, 333, 347, 349, 353, 359, 365, 371, 373, 374, 375, 377, 378, 379, 380, 381, 382, 383, 384, 385, 386, 388, 390, 391, 392, 394, 395, 396, 397, 398, 399, 400, 401, 403, 404, 405, 406, 408, 411, 414, 415], "excluded_lines": []}}}, "extensions/flowise/detector.py": {"executed_lines": [], "summary": {"covered_lines": 0, "num_statements": 96, "percent_covered": 0.0, "percent_covered_display": "0", "missing_lines": 96, "excluded_lines": 0}, "missing_lines": [7, 8, 9, 12, 37, 38, 39, 40, 41, 44, 45, 47, 48, 51, 52, 55, 56, 59, 60, 63, 64, 65, 66, 69, 72, 75, 79, 94, 108, 109, 111, 114, 131, 132, 133, 134, 135, 138, 139, 142, 143, 146, 147, 150, 151, 154, 155, 157, 160, 177, 178, 181, 182, 185, 188, 190, 205, 207, 208, 209, 210, 213, 219, 220, 222, 225, 227, 230, 232, 235, 237, 240, 249, 250, 253, 254, 257, 260, 261, 263, 264, 265, 267, 268, 270, 271, 272, 273, 274, 275, 276, 277, 278, 279, 280, 281], "excluded_lines": [], "functions": {"detect_flowise_flow": {"executed_lines": [], "summary": {"covered_lines": 0, "num_statements": 23, "percent_covered": 0.0, "percent_covered_display": "0", "missing_lines": 23, "excluded_lines": 0}, "missing_lines": [37, 38, 39, 40, 41, 44, 45, 47, 48, 51, 52, 55, 56, 59, 60, 63, 64, 65, 66, 69, 72, 75, 79], "excluded_lines": []}, "scan_directory": {"executed_lines": [], "summary": {"covered_lines": 0, "num_statements": 3, "percent_covered": 0.0, "percent_covered_display": "0", "missing_lines": 3, "excluded_lines": 0}, "missing_lines": [108, 109, 111], "excluded_lines": []}, "classify_flow_type": {"executed_lines": [], "summary": {"covered_lines": 0, "num_statements": 16, "percent_covered": 0.0, "percent_covered_display": "0", "missing_lines": 16, "excluded_lines": 0}, "missing_lines": [131, 132, 133, 134, 135, 138, 139, 142, 143, 146, 147, 150, 151, 154, 155, 157], "excluded_lines": []}, "calculate_complexity": {"executed_lines": [], "summary": {"covered_lines": 0, "num_statements": 5, "percent_covered": 0.0, "percent_covered_display": "0", "missing_lines": 5, "excluded_lines": 0}, "missing_lines": [177, 178, 181, 182, 185], "excluded_lines": []}, "_create_negative_result": {"executed_lines": [], "summary": {"covered_lines": 0, "num_statements": 1, "percent_covered": 0.0, "percent_covered_display": "0", "missing_lines": 1, "excluded_lines": 0}, "missing_lines": [190], "excluded_lines": []}, "_extract_node_types": {"executed_lines": [], "summary": {"covered_lines": 0, "num_statements": 8, "percent_covered": 0.0, "percent_covered_display": "0", "missing_lines": 8, "excluded_lines": 0}, "missing_lines": [207, 208, 209, 210, 213, 219, 220, 222], "excluded_lines": []}, "_count_agents": {"executed_lines": [], "summary": {"covered_lines": 0, "num_statements": 1, "percent_covered": 0.0, "percent_covered_display": "0", "missing_lines": 1, "excluded_lines": 0}, "missing_lines": [227], "excluded_lines": []}, "_has_memory_nodes": {"executed_lines": [], "summary": {"covered_lines": 0, "num_statements": 1, "percent_covered": 0.0, "percent_covered_display": "0", "missing_lines": 1, "excluded_lines": 0}, "missing_lines": [232], "excluded_lines": []}, "_has_tool_nodes": {"executed_lines": [], "summary": {"covered_lines": 0, "num_statements": 1, "percent_covered": 0.0, "percent_covered_display": "0", "missing_lines": 1, "excluded_lines": 0}, "missing_lines": [237], "excluded_lines": []}, "_determine_expertise_level": {"executed_lines": [], "summary": {"covered_lines": 0, "num_statements": 5, "percent_covered": 0.0, "percent_covered_display": "0", "missing_lines": 5, "excluded_lines": 0}, "missing_lines": [249, 250, 253, 254, 257], "excluded_lines": []}, "": {"executed_lines": [], "summary": {"covered_lines": 0, "num_statements": 32, "percent_covered": 0.0, "percent_covered_display": "0", "missing_lines": 32, "excluded_lines": 0}, "missing_lines": [7, 8, 9, 12, 94, 114, 160, 188, 205, 225, 230, 235, 240, 260, 261, 263, 264, 265, 267, 268, 270, 271, 272, 273, 274, 275, 276, 277, 278, 279, 280, 281], "excluded_lines": []}}, "classes": {"": {"executed_lines": [], "summary": {"covered_lines": 0, "num_statements": 96, "percent_covered": 0.0, "percent_covered_display": "0", "missing_lines": 96, "excluded_lines": 0}, "missing_lines": [7, 8, 9, 12, 37, 38, 39, 40, 41, 44, 45, 47, 48, 51, 52, 55, 56, 59, 60, 63, 64, 65, 66, 69, 72, 75, 79, 94, 108, 109, 111, 114, 131, 132, 133, 134, 135, 138, 139, 142, 143, 146, 147, 150, 151, 154, 155, 157, 160, 177, 178, 181, 182, 185, 188, 190, 205, 207, 208, 209, 210, 213, 219, 220, 222, 225, 227, 230, 232, 235, 237, 240, 249, 250, 253, 254, 257, 260, 261, 263, 264, 265, 267, 268, 270, 271, 272, 273, 274, 275, 276, 277, 278, 279, 280, 281], "excluded_lines": []}}}, "extensions/flowise/extensions_loader.py": {"executed_lines": [], "summary": {"covered_lines": 0, "num_statements": 74, "percent_covered": 0.0, "percent_covered_display": "0", "missing_lines": 74, "excluded_lines": 0}, "missing_lines": [7, 8, 9, 10, 13, 25, 27, 29, 32, 34, 37, 53, 54, 57, 60, 65, 66, 67, 68, 69, 70, 71, 73, 76, 92, 93, 95, 96, 98, 99, 101, 102, 103, 104, 105, 108, 122, 123, 126, 127, 128, 129, 130, 133, 144, 146, 147, 149, 152, 164, 167, 172, 173, 174, 175, 176, 177, 178, 180, 183, 185, 187, 189, 190, 192, 193, 195, 196, 198, 199, 201, 202, 204, 205], "excluded_lines": [], "functions": {"load_extension_detectors": {"executed_lines": [], "summary": {"covered_lines": 0, "num_statements": 5, "percent_covered": 0.0, "percent_covered_display": "0", "missing_lines": 5, "excluded_lines": 0}, "missing_lines": [25, 27, 29, 32, 34], "excluded_lines": []}, "load_extension_patterns": {"executed_lines": [], "summary": {"covered_lines": 0, "num_statements": 12, "percent_covered": 0.0, "percent_covered_display": "0", "missing_lines": 12, "excluded_lines": 0}, "missing_lines": [53, 54, 57, 60, 65, 66, 67, 68, 69, 70, 71, 73], "excluded_lines": []}, "get_extension_prompt": {"executed_lines": [], "summary": {"covered_lines": 0, "num_statements": 11, "percent_covered": 0.0, "percent_covered_display": "0", "missing_lines": 11, "excluded_lines": 0}, "missing_lines": [92, 93, 95, 96, 98, 99, 101, 102, 103, 104, 105], "excluded_lines": []}, "extension_exists": {"executed_lines": [], "summary": {"covered_lines": 0, "num_statements": 7, "percent_covered": 0.0, "percent_covered_display": "0", "missing_lines": 7, "excluded_lines": 0}, "missing_lines": [122, 123, 126, 127, 128, 129, 130], "excluded_lines": []}, "get_available_extensions": {"executed_lines": [], "summary": {"covered_lines": 0, "num_statements": 4, "percent_covered": 0.0, "percent_covered_display": "0", "missing_lines": 4, "excluded_lines": 0}, "missing_lines": [144, 146, 147, 149], "excluded_lines": []}, "load_flow_templates": {"executed_lines": [], "summary": {"covered_lines": 0, "num_statements": 10, "percent_covered": 0.0, "percent_covered_display": "0", "missing_lines": 10, "excluded_lines": 0}, "missing_lines": [164, 167, 172, 173, 174, 175, 176, 177, 178, 180], "excluded_lines": []}, "": {"executed_lines": [], "summary": {"covered_lines": 0, "num_statements": 25, "percent_covered": 0.0, "percent_covered_display": "0", "missing_lines": 25, "excluded_lines": 0}, "missing_lines": [7, 8, 9, 10, 13, 37, 76, 108, 133, 152, 183, 185, 187, 189, 190, 192, 193, 195, 196, 198, 199, 201, 202, 204, 205], "excluded_lines": []}}, "classes": {"": {"executed_lines": [], "summary": {"covered_lines": 0, "num_statements": 74, "percent_covered": 0.0, "percent_covered_display": "0", "missing_lines": 74, "excluded_lines": 0}, "missing_lines": [7, 8, 9, 10, 13, 25, 27, 29, 32, 34, 37, 53, 54, 57, 60, 65, 66, 67, 68, 69, 70, 71, 73, 76, 92, 93, 95, 96, 98, 99, 101, 102, 103, 104, 105, 108, 122, 123, 126, 127, 128, 129, 130, 133, 144, 146, 147, 149, 152, 164, 167, 172, 173, 174, 175, 176, 177, 178, 180, 183, 185, 187, 189, 190, 192, 193, 195, 196, 198, 199, 201, 202, 204, 205], "excluded_lines": []}}}, "extensions/flowise/mermaid_generator.py": {"executed_lines": [], "summary": {"covered_lines": 0, "num_statements": 215, "percent_covered": 0.0, "percent_covered_display": "0", "missing_lines": 215, "excluded_lines": 0}, "missing_lines": [9, 10, 11, 12, 15, 18, 19, 20, 22, 23, 24, 27, 29, 45, 48, 53, 55, 58, 101, 102, 104, 105, 108, 109, 110, 111, 112, 113, 114, 115, 116, 117, 118, 119, 120, 123, 126, 128, 129, 130, 131, 132, 135, 136, 137, 138, 139, 140, 141, 142, 143, 144, 145, 148, 150, 162, 164, 166, 167, 168, 169, 172, 173, 175, 176, 177, 178, 180, 181, 183, 185, 188, 190, 191, 194, 195, 196, 197, 200, 201, 202, 203, 204, 205, 207, 210, 211, 213, 226, 231, 232, 235, 236, 239, 240, 243, 244, 245, 246, 247, 250, 251, 254, 257, 259, 262, 265, 266, 269, 274, 275, 278, 279, 282, 283, 285, 288, 290, 311, 314, 316, 317, 320, 321, 322, 323, 326, 329, 336, 337, 338, 339, 340, 342, 343, 344, 347, 350, 353, 354, 355, 356, 358, 360, 363, 364, 370, 371, 372, 373, 374, 375, 377, 380, 382, 383, 385, 388, 389, 390, 393, 401, 409, 410, 411, 412, 413, 414, 417, 419, 426, 427, 429, 432, 434, 435, 436, 437, 438, 439, 440, 441, 442, 443, 445, 446, 448, 449, 453, 454, 455, 456, 458, 459, 460, 462, 463, 464, 467, 468, 469, 470, 471, 472, 475, 478, 479, 484, 487, 488, 489, 490, 492, 495, 496], "excluded_lines": [], "functions": {"sanitize_label": {"executed_lines": [], "summary": {"covered_lines": 0, "num_statements": 6, "percent_covered": 0.0, "percent_covered_display": "0", "missing_lines": 6, "excluded_lines": 0}, "missing_lines": [18, 19, 20, 22, 23, 24], "excluded_lines": []}, "get_node_emoji": {"executed_lines": [], "summary": {"covered_lines": 0, "num_statements": 2, "percent_covered": 0.0, "percent_covered_display": "0", "missing_lines": 2, "excluded_lines": 0}, "missing_lines": [29, 45], "excluded_lines": []}, "get_node_style": {"executed_lines": [], "summary": {"covered_lines": 0, "num_statements": 21, "percent_covered": 0.0, "percent_covered_display": "0", "missing_lines": 21, "excluded_lines": 0}, "missing_lines": [53, 55, 58, 101, 102, 104, 105, 108, 109, 110, 111, 112, 113, 114, 115, 116, 117, 118, 119, 120, 123], "excluded_lines": []}, "extract_node_info": {"executed_lines": [], "summary": {"covered_lines": 0, "num_statements": 18, "percent_covered": 0.0, "percent_covered_display": "0", "missing_lines": 18, "excluded_lines": 0}, "missing_lines": [128, 129, 130, 131, 132, 135, 136, 137, 138, 139, 140, 141, 142, 143, 144, 145, 148, 150], "excluded_lines": []}, "extract_edges": {"executed_lines": [], "summary": {"covered_lines": 0, "num_statements": 15, "percent_covered": 0.0, "percent_covered_display": "0", "missing_lines": 15, "excluded_lines": 0}, "missing_lines": [164, 166, 167, 168, 169, 172, 173, 175, 176, 177, 178, 180, 181, 183, 185], "excluded_lines": []}, "extract_flow_metadata": {"executed_lines": [], "summary": {"covered_lines": 0, "num_statements": 16, "percent_covered": 0.0, "percent_covered_display": "0", "missing_lines": 16, "excluded_lines": 0}, "missing_lines": [190, 191, 194, 195, 196, 197, 200, 201, 202, 203, 204, 205, 207, 210, 211, 213], "excluded_lines": []}, "detect_layout_direction": {"executed_lines": [], "summary": {"covered_lines": 0, "num_statements": 14, "percent_covered": 0.0, "percent_covered_display": "0", "missing_lines": 14, "excluded_lines": 0}, "missing_lines": [231, 232, 235, 236, 239, 240, 243, 244, 245, 246, 247, 250, 251, 254], "excluded_lines": []}, "generate_badges": {"executed_lines": [], "summary": {"covered_lines": 0, "num_statements": 12, "percent_covered": 0.0, "percent_covered_display": "0", "missing_lines": 12, "excluded_lines": 0}, "missing_lines": [259, 262, 265, 266, 269, 274, 275, 278, 279, 282, 283, 285], "excluded_lines": []}, "generate_legend": {"executed_lines": [], "summary": {"covered_lines": 0, "num_statements": 2, "percent_covered": 0.0, "percent_covered_display": "0", "missing_lines": 2, "excluded_lines": 0}, "missing_lines": [290, 311], "excluded_lines": []}, "generate_mermaid": {"executed_lines": [], "summary": {"covered_lines": 0, "num_statements": 33, "percent_covered": 0.0, "percent_covered_display": "0", "missing_lines": 33, "excluded_lines": 0}, "missing_lines": [316, 317, 320, 321, 322, 323, 326, 329, 336, 337, 338, 339, 340, 342, 343, 344, 347, 350, 353, 354, 355, 356, 358, 360, 363, 364, 370, 371, 372, 373, 374, 375, 377], "excluded_lines": []}, "generate_interactive_section": {"executed_lines": [], "summary": {"covered_lines": 0, "num_statements": 19, "percent_covered": 0.0, "percent_covered_display": "0", "missing_lines": 19, "excluded_lines": 0}, "missing_lines": [382, 383, 385, 388, 389, 390, 393, 401, 409, 410, 411, 412, 413, 414, 417, 419, 426, 427, 429], "excluded_lines": []}, "main": {"executed_lines": [], "summary": {"covered_lines": 0, "num_statements": 39, "percent_covered": 0.0, "percent_covered_display": "0", "missing_lines": 39, "excluded_lines": 0}, "missing_lines": [434, 435, 436, 437, 438, 439, 440, 441, 442, 443, 445, 446, 448, 449, 453, 454, 455, 456, 458, 459, 460, 462, 463, 464, 467, 468, 469, 470, 471, 472, 475, 478, 479, 484, 487, 488, 489, 490, 492], "excluded_lines": []}, "": {"executed_lines": [], "summary": {"covered_lines": 0, "num_statements": 18, "percent_covered": 0.0, "percent_covered_display": "0", "missing_lines": 18, "excluded_lines": 0}, "missing_lines": [9, 10, 11, 12, 15, 27, 48, 126, 162, 188, 226, 257, 288, 314, 380, 432, 495, 496], "excluded_lines": []}}, "classes": {"": {"executed_lines": [], "summary": {"covered_lines": 0, "num_statements": 215, "percent_covered": 0.0, "percent_covered_display": "0", "missing_lines": 215, "excluded_lines": 0}, "missing_lines": [9, 10, 11, 12, 15, 18, 19, 20, 22, 23, 24, 27, 29, 45, 48, 53, 55, 58, 101, 102, 104, 105, 108, 109, 110, 111, 112, 113, 114, 115, 116, 117, 118, 119, 120, 123, 126, 128, 129, 130, 131, 132, 135, 136, 137, 138, 139, 140, 141, 142, 143, 144, 145, 148, 150, 162, 164, 166, 167, 168, 169, 172, 173, 175, 176, 177, 178, 180, 181, 183, 185, 188, 190, 191, 194, 195, 196, 197, 200, 201, 202, 203, 204, 205, 207, 210, 211, 213, 226, 231, 232, 235, 236, 239, 240, 243, 244, 245, 246, 247, 250, 251, 254, 257, 259, 262, 265, 266, 269, 274, 275, 278, 279, 282, 283, 285, 288, 290, 311, 314, 316, 317, 320, 321, 322, 323, 326, 329, 336, 337, 338, 339, 340, 342, 343, 344, 347, 350, 353, 354, 355, 356, 358, 360, 363, 364, 370, 371, 372, 373, 374, 375, 377, 380, 382, 383, 385, 388, 389, 390, 393, 401, 409, 410, 411, 412, 413, 414, 417, 419, 426, 427, 429, 432, 434, 435, 436, 437, 438, 439, 440, 441, 442, 443, 445, 446, 448, 449, 453, 454, 455, 456, 458, 459, 460, 462, 463, 464, 467, 468, 469, 470, 471, 472, 475, 478, 479, 484, 487, 488, 489, 490, 492, 495, 496], "excluded_lines": []}}}, "extensions/flowise/tests/__init__.py": {"executed_lines": [], "summary": {"covered_lines": 0, "num_statements": 0, "percent_covered": 100.0, "percent_covered_display": "100", "missing_lines": 0, "excluded_lines": 0}, "missing_lines": [], "excluded_lines": [], "functions": {"": {"executed_lines": [], "summary": {"covered_lines": 0, "num_statements": 0, "percent_covered": 100.0, "percent_covered_display": "100", "missing_lines": 0, "excluded_lines": 0}, "missing_lines": [], "excluded_lines": []}}, "classes": {"": {"executed_lines": [], "summary": {"covered_lines": 0, "num_statements": 0, "percent_covered": 100.0, "percent_covered_display": "100", "missing_lines": 0, "excluded_lines": 0}, "missing_lines": [], "excluded_lines": []}}}, "extensions/flowise/tests/test_analyzer.py": {"executed_lines": [], "summary": {"covered_lines": 0, "num_statements": 95, "percent_covered": 0.0, "percent_covered_display": "0", "missing_lines": 95, "excluded_lines": 0}, "missing_lines": [5, 6, 7, 8, 11, 13, 16, 19, 21, 23, 25, 26, 28, 29, 30, 31, 32, 34, 36, 37, 39, 40, 42, 44, 46, 47, 48, 49, 50, 52, 54, 56, 57, 59, 61, 62, 64, 66, 67, 68, 71, 72, 74, 76, 77, 79, 81, 82, 84, 86, 87, 88, 89, 91, 93, 94, 96, 98, 103, 104, 105, 107, 110, 111, 112, 115, 116, 118, 120, 121, 123, 125, 126, 128, 130, 131, 133, 135, 144, 146, 148, 149, 150, 152, 154, 167, 169, 170, 171, 172, 175, 178, 180, 183, 184], "excluded_lines": [], "functions": {"TestFlowiseAnalyzer.setUp": {"executed_lines": [], "summary": {"covered_lines": 0, "num_statements": 1, "percent_covered": 0.0, "percent_covered_display": "0", "missing_lines": 1, "excluded_lines": 0}, "missing_lines": [21], "excluded_lines": []}, "TestFlowiseAnalyzer.test_analyze_template_valid": {"executed_lines": [], "summary": {"covered_lines": 0, "num_statements": 7, "percent_covered": 0.0, "percent_covered_display": "0", "missing_lines": 7, "excluded_lines": 0}, "missing_lines": [25, 26, 28, 29, 30, 31, 32], "excluded_lines": []}, "TestFlowiseAnalyzer.test_analyze_template_invalid_file": {"executed_lines": [], "summary": {"covered_lines": 0, "num_statements": 4, "percent_covered": 0.0, "percent_covered_display": "0", "missing_lines": 4, "excluded_lines": 0}, "missing_lines": [36, 37, 39, 40], "excluded_lines": []}, "TestFlowiseAnalyzer.test_analyze_directory": {"executed_lines": [], "summary": {"covered_lines": 0, "num_statements": 6, "percent_covered": 0.0, "percent_covered_display": "0", "missing_lines": 6, "excluded_lines": 0}, "missing_lines": [44, 46, 47, 48, 49, 50], "excluded_lines": []}, "TestFlowiseAnalyzer.test_analyze_nonexistent_directory": {"executed_lines": [], "summary": {"covered_lines": 0, "num_statements": 3, "percent_covered": 0.0, "percent_covered_display": "0", "missing_lines": 3, "excluded_lines": 0}, "missing_lines": [54, 56, 57], "excluded_lines": []}, "TestFlowiseAnalyzer.test_extract_node_patterns": {"executed_lines": [], "summary": {"covered_lines": 0, "num_statements": 8, "percent_covered": 0.0, "percent_covered_display": "0", "missing_lines": 8, "excluded_lines": 0}, "missing_lines": [61, 62, 64, 66, 67, 68, 71, 72], "excluded_lines": []}, "TestFlowiseAnalyzer.test_extract_node_patterns_empty": {"executed_lines": [], "summary": {"covered_lines": 0, "num_statements": 2, "percent_covered": 0.0, "percent_covered_display": "0", "missing_lines": 2, "excluded_lines": 0}, "missing_lines": [76, 77], "excluded_lines": []}, "TestFlowiseAnalyzer.test_extract_connection_patterns": {"executed_lines": [], "summary": {"covered_lines": 0, "num_statements": 7, "percent_covered": 0.0, "percent_covered_display": "0", "missing_lines": 7, "excluded_lines": 0}, "missing_lines": [81, 82, 84, 86, 87, 88, 89], "excluded_lines": []}, "TestFlowiseAnalyzer.test_extract_connection_patterns_empty": {"executed_lines": [], "summary": {"covered_lines": 0, "num_statements": 2, "percent_covered": 0.0, "percent_covered_display": "0", "missing_lines": 2, "excluded_lines": 0}, "missing_lines": [93, 94], "excluded_lines": []}, "TestFlowiseAnalyzer.test_export_patterns": {"executed_lines": [], "summary": {"covered_lines": 0, "num_statements": 10, "percent_covered": 0.0, "percent_covered_display": "0", "missing_lines": 10, "excluded_lines": 0}, "missing_lines": [98, 103, 104, 105, 107, 110, 111, 112, 115, 116], "excluded_lines": []}, "TestFlowiseAnalyzer.test_classification_supervisor_pattern": {"executed_lines": [], "summary": {"covered_lines": 0, "num_statements": 2, "percent_covered": 0.0, "percent_covered_display": "0", "missing_lines": 2, "excluded_lines": 0}, "missing_lines": [120, 121], "excluded_lines": []}, "TestFlowiseAnalyzer.test_classification_rag_pattern": {"executed_lines": [], "summary": {"covered_lines": 0, "num_statements": 2, "percent_covered": 0.0, "percent_covered_display": "0", "missing_lines": 2, "excluded_lines": 0}, "missing_lines": [125, 126], "excluded_lines": []}, "TestFlowiseAnalyzer.test_classification_agent_tool_pattern": {"executed_lines": [], "summary": {"covered_lines": 0, "num_statements": 2, "percent_covered": 0.0, "percent_covered_display": "0", "missing_lines": 2, "excluded_lines": 0}, "missing_lines": [130, 131], "excluded_lines": []}, "TestFlowiseAnalyzer.test_quality_markers_detection": {"executed_lines": [], "summary": {"covered_lines": 0, "num_statements": 6, "percent_covered": 0.0, "percent_covered_display": "0", "missing_lines": 6, "excluded_lines": 0}, "missing_lines": [135, 144, 146, 148, 149, 150], "excluded_lines": []}, "TestFlowiseAnalyzer.test_common_patterns_extraction": {"executed_lines": [], "summary": {"covered_lines": 0, "num_statements": 6, "percent_covered": 0.0, "percent_covered_display": "0", "missing_lines": 6, "excluded_lines": 0}, "missing_lines": [154, 167, 169, 170, 171, 172], "excluded_lines": []}, "TestAnalyzerCLI.test_main_function_exists": {"executed_lines": [], "summary": {"covered_lines": 0, "num_statements": 1, "percent_covered": 0.0, "percent_covered_display": "0", "missing_lines": 1, "excluded_lines": 0}, "missing_lines": [180], "excluded_lines": []}, "": {"executed_lines": [], "summary": {"covered_lines": 0, "num_statements": 26, "percent_covered": 0.0, "percent_covered_display": "0", "missing_lines": 26, "excluded_lines": 0}, "missing_lines": [5, 6, 7, 8, 11, 13, 16, 19, 23, 34, 42, 52, 59, 74, 79, 91, 96, 118, 123, 128, 133, 152, 175, 178, 183, 184], "excluded_lines": []}}, "classes": {"TestFlowiseAnalyzer": {"executed_lines": [], "summary": {"covered_lines": 0, "num_statements": 68, "percent_covered": 0.0, "percent_covered_display": "0", "missing_lines": 68, "excluded_lines": 0}, "missing_lines": [21, 25, 26, 28, 29, 30, 31, 32, 36, 37, 39, 40, 44, 46, 47, 48, 49, 50, 54, 56, 57, 61, 62, 64, 66, 67, 68, 71, 72, 76, 77, 81, 82, 84, 86, 87, 88, 89, 93, 94, 98, 103, 104, 105, 107, 110, 111, 112, 115, 116, 120, 121, 125, 126, 130, 131, 135, 144, 146, 148, 149, 150, 154, 167, 169, 170, 171, 172], "excluded_lines": []}, "TestAnalyzerCLI": {"executed_lines": [], "summary": {"covered_lines": 0, "num_statements": 1, "percent_covered": 0.0, "percent_covered_display": "0", "missing_lines": 1, "excluded_lines": 0}, "missing_lines": [180], "excluded_lines": []}, "": {"executed_lines": [], "summary": {"covered_lines": 0, "num_statements": 26, "percent_covered": 0.0, "percent_covered_display": "0", "missing_lines": 26, "excluded_lines": 0}, "missing_lines": [5, 6, 7, 8, 11, 13, 16, 19, 23, 34, 42, 52, 59, 74, 79, 91, 96, 118, 123, 128, 133, 152, 175, 178, 183, 184], "excluded_lines": []}}}, "extensions/flowise/tests/test_detector.py": {"executed_lines": [], "summary": {"covered_lines": 0, "num_statements": 99, "percent_covered": 0.0, "percent_covered_display": "0", "missing_lines": 99, "excluded_lines": 0}, "missing_lines": [5, 6, 7, 8, 11, 13, 16, 19, 21, 23, 25, 26, 28, 29, 30, 31, 32, 34, 35, 37, 39, 40, 42, 43, 44, 45, 46, 47, 49, 51, 52, 54, 55, 56, 57, 58, 60, 62, 63, 65, 66, 67, 69, 71, 72, 74, 75, 77, 80, 81, 82, 83, 85, 87, 88, 90, 91, 93, 95, 100, 102, 104, 109, 111, 113, 118, 120, 122, 124, 125, 126, 128, 130, 131, 133, 135, 140, 141, 143, 144, 146, 148, 151, 152, 153, 154, 156, 157, 159, 160, 162, 164, 171, 172, 173, 174, 175, 178, 179], "excluded_lines": [], "functions": {"TestFlowiseDetector.setUp": {"executed_lines": [], "summary": {"covered_lines": 0, "num_statements": 1, "percent_covered": 0.0, "percent_covered_display": "0", "missing_lines": 1, "excluded_lines": 0}, "missing_lines": [21], "excluded_lines": []}, "TestFlowiseDetector.test_detect_valid_multi_agent_flow": {"executed_lines": [], "summary": {"covered_lines": 0, "num_statements": 9, "percent_covered": 0.0, "percent_covered_display": "0", "missing_lines": 9, "excluded_lines": 0}, "missing_lines": [25, 26, 28, 29, 30, 31, 32, 34, 35], "excluded_lines": []}, "TestFlowiseDetector.test_detect_valid_rag_flow": {"executed_lines": [], "summary": {"covered_lines": 0, "num_statements": 8, "percent_covered": 0.0, "percent_covered_display": "0", "missing_lines": 8, "excluded_lines": 0}, "missing_lines": [39, 40, 42, 43, 44, 45, 46, 47], "excluded_lines": []}, "TestFlowiseDetector.test_detect_valid_chatbot": {"executed_lines": [], "summary": {"covered_lines": 0, "num_statements": 7, "percent_covered": 0.0, "percent_covered_display": "0", "missing_lines": 7, "excluded_lines": 0}, "missing_lines": [51, 52, 54, 55, 56, 57, 58], "excluded_lines": []}, "TestFlowiseDetector.test_reject_invalid_json": {"executed_lines": [], "summary": {"covered_lines": 0, "num_statements": 5, "percent_covered": 0.0, "percent_covered_display": "0", "missing_lines": 5, "excluded_lines": 0}, "missing_lines": [62, 63, 65, 66, 67], "excluded_lines": []}, "TestFlowiseDetector.test_reject_missing_file": {"executed_lines": [], "summary": {"covered_lines": 0, "num_statements": 4, "percent_covered": 0.0, "percent_covered_display": "0", "missing_lines": 4, "excluded_lines": 0}, "missing_lines": [71, 72, 74, 75], "excluded_lines": []}, "TestFlowiseDetector.test_reject_malformed_json": {"executed_lines": [], "summary": {"covered_lines": 0, "num_statements": 9, "percent_covered": 0.0, "percent_covered_display": "0", "missing_lines": 9, "excluded_lines": 0}, "missing_lines": [80, 81, 82, 83, 85, 87, 88, 90, 91], "excluded_lines": []}, "TestFlowiseDetector.test_classify_complexity_simple": {"executed_lines": [], "summary": {"covered_lines": 0, "num_statements": 2, "percent_covered": 0.0, "percent_covered_display": "0", "missing_lines": 2, "excluded_lines": 0}, "missing_lines": [95, 100], "excluded_lines": []}, "TestFlowiseDetector.test_classify_complexity_moderate": {"executed_lines": [], "summary": {"covered_lines": 0, "num_statements": 2, "percent_covered": 0.0, "percent_covered_display": "0", "missing_lines": 2, "excluded_lines": 0}, "missing_lines": [104, 109], "excluded_lines": []}, "TestFlowiseDetector.test_classify_complexity_complex": {"executed_lines": [], "summary": {"covered_lines": 0, "num_statements": 2, "percent_covered": 0.0, "percent_covered_display": "0", "missing_lines": 2, "excluded_lines": 0}, "missing_lines": [113, 118], "excluded_lines": []}, "TestFlowiseDetector.test_scan_directory": {"executed_lines": [], "summary": {"covered_lines": 0, "num_statements": 4, "percent_covered": 0.0, "percent_covered_display": "0", "missing_lines": 4, "excluded_lines": 0}, "missing_lines": [122, 124, 125, 126], "excluded_lines": []}, "TestFlowiseDetector.test_scan_nonexistent_directory": {"executed_lines": [], "summary": {"covered_lines": 0, "num_statements": 2, "percent_covered": 0.0, "percent_covered_display": "0", "missing_lines": 2, "excluded_lines": 0}, "missing_lines": [130, 131], "excluded_lines": []}, "TestFlowiseDetector.test_classify_flow_type_workflow": {"executed_lines": [], "summary": {"covered_lines": 0, "num_statements": 5, "percent_covered": 0.0, "percent_covered_display": "0", "missing_lines": 5, "excluded_lines": 0}, "missing_lines": [135, 140, 141, 143, 144], "excluded_lines": []}, "TestFlowiseDetector.test_empty_nodes_returns_negative": {"executed_lines": [], "summary": {"covered_lines": 0, "num_statements": 9, "percent_covered": 0.0, "percent_covered_display": "0", "missing_lines": 9, "excluded_lines": 0}, "missing_lines": [148, 151, 152, 153, 154, 156, 157, 159, 160], "excluded_lines": []}, "TestFlowiseDetector.test_node_type_extraction": {"executed_lines": [], "summary": {"covered_lines": 0, "num_statements": 6, "percent_covered": 0.0, "percent_covered_display": "0", "missing_lines": 6, "excluded_lines": 0}, "missing_lines": [164, 171, 172, 173, 174, 175], "excluded_lines": []}, "": {"executed_lines": [], "summary": {"covered_lines": 0, "num_statements": 24, "percent_covered": 0.0, "percent_covered_display": "0", "missing_lines": 24, "excluded_lines": 0}, "missing_lines": [5, 6, 7, 8, 11, 13, 16, 19, 23, 37, 49, 60, 69, 77, 93, 102, 111, 120, 128, 133, 146, 162, 178, 179], "excluded_lines": []}}, "classes": {"TestFlowiseDetector": {"executed_lines": [], "summary": {"covered_lines": 0, "num_statements": 75, "percent_covered": 0.0, "percent_covered_display": "0", "missing_lines": 75, "excluded_lines": 0}, "missing_lines": [21, 25, 26, 28, 29, 30, 31, 32, 34, 35, 39, 40, 42, 43, 44, 45, 46, 47, 51, 52, 54, 55, 56, 57, 58, 62, 63, 65, 66, 67, 71, 72, 74, 75, 80, 81, 82, 83, 85, 87, 88, 90, 91, 95, 100, 104, 109, 113, 118, 122, 124, 125, 126, 130, 131, 135, 140, 141, 143, 144, 148, 151, 152, 153, 154, 156, 157, 159, 160, 164, 171, 172, 173, 174, 175], "excluded_lines": []}, "": {"executed_lines": [], "summary": {"covered_lines": 0, "num_statements": 24, "percent_covered": 0.0, "percent_covered_display": "0", "missing_lines": 24, "excluded_lines": 0}, "missing_lines": [5, 6, 7, 8, 11, 13, 16, 19, 23, 37, 49, 60, 69, 77, 93, 102, 111, 120, 128, 133, 146, 162, 178, 179], "excluded_lines": []}}}, "extensions/flowise/tests/test_loader.py": {"executed_lines": [], "summary": {"covered_lines": 0, "num_statements": 80, "percent_covered": 0.0, "percent_covered_display": "0", "missing_lines": 80, "excluded_lines": 0}, "missing_lines": [5, 6, 7, 10, 12, 15, 18, 20, 23, 24, 25, 26, 28, 30, 31, 33, 35, 38, 39, 43, 45, 46, 48, 50, 53, 54, 55, 57, 59, 62, 63, 64, 66, 68, 69, 71, 73, 74, 76, 79, 80, 82, 84, 85, 87, 89, 91, 95, 97, 100, 101, 103, 106, 107, 108, 109, 110, 111, 112, 115, 117, 118, 120, 122, 124, 125, 128, 129, 131, 132, 134, 135, 138, 141, 144, 145, 148, 149, 152, 153], "excluded_lines": [], "functions": {"TestExtensionsLoader.test_load_detectors_success": {"executed_lines": [], "summary": {"covered_lines": 0, "num_statements": 5, "percent_covered": 0.0, "percent_covered_display": "0", "missing_lines": 5, "excluded_lines": 0}, "missing_lines": [20, 23, 24, 25, 26], "excluded_lines": []}, "TestExtensionsLoader.test_load_detectors_returns_none_or_dict": {"executed_lines": [], "summary": {"covered_lines": 0, "num_statements": 2, "percent_covered": 0.0, "percent_covered_display": "0", "missing_lines": 2, "excluded_lines": 0}, "missing_lines": [30, 31], "excluded_lines": []}, "TestExtensionsLoader.test_load_patterns_flowise": {"executed_lines": [], "summary": {"covered_lines": 0, "num_statements": 3, "percent_covered": 0.0, "percent_covered_display": "0", "missing_lines": 3, "excluded_lines": 0}, "missing_lines": [35, 38, 39], "excluded_lines": []}, "TestExtensionsLoader.test_load_patterns_invalid_extension": {"executed_lines": [], "summary": {"covered_lines": 0, "num_statements": 2, "percent_covered": 0.0, "percent_covered_display": "0", "missing_lines": 2, "excluded_lines": 0}, "missing_lines": [45, 46], "excluded_lines": []}, "TestExtensionsLoader.test_get_extension_prompt_scout": {"executed_lines": [], "summary": {"covered_lines": 0, "num_statements": 4, "percent_covered": 0.0, "percent_covered_display": "0", "missing_lines": 4, "excluded_lines": 0}, "missing_lines": [50, 53, 54, 55], "excluded_lines": []}, "TestExtensionsLoader.test_get_extension_prompt_architect": {"executed_lines": [], "summary": {"covered_lines": 0, "num_statements": 4, "percent_covered": 0.0, "percent_covered_display": "0", "missing_lines": 4, "excluded_lines": 0}, "missing_lines": [59, 62, 63, 64], "excluded_lines": []}, "TestExtensionsLoader.test_get_extension_prompt_invalid_extension": {"executed_lines": [], "summary": {"covered_lines": 0, "num_statements": 2, "percent_covered": 0.0, "percent_covered_display": "0", "missing_lines": 2, "excluded_lines": 0}, "missing_lines": [68, 69], "excluded_lines": []}, "TestExtensionsLoader.test_get_extension_prompt_invalid_phase": {"executed_lines": [], "summary": {"covered_lines": 0, "num_statements": 2, "percent_covered": 0.0, "percent_covered_display": "0", "missing_lines": 2, "excluded_lines": 0}, "missing_lines": [73, 74], "excluded_lines": []}, "TestExtensionsLoader.test_extension_exists": {"executed_lines": [], "summary": {"covered_lines": 0, "num_statements": 2, "percent_covered": 0.0, "percent_covered_display": "0", "missing_lines": 2, "excluded_lines": 0}, "missing_lines": [79, 80], "excluded_lines": []}, "TestExtensionsLoader.test_extension_exists_invalid": {"executed_lines": [], "summary": {"covered_lines": 0, "num_statements": 2, "percent_covered": 0.0, "percent_covered_display": "0", "missing_lines": 2, "excluded_lines": 0}, "missing_lines": [84, 85], "excluded_lines": []}, "TestExtensionsLoader.test_get_available_extensions": {"executed_lines": [], "summary": {"covered_lines": 0, "num_statements": 2, "percent_covered": 0.0, "percent_covered_display": "0", "missing_lines": 2, "excluded_lines": 0}, "missing_lines": [89, 91], "excluded_lines": []}, "TestExtensionsLoader.test_load_flow_templates": {"executed_lines": [], "summary": {"covered_lines": 0, "num_statements": 3, "percent_covered": 0.0, "percent_covered_display": "0", "missing_lines": 3, "excluded_lines": 0}, "missing_lines": [97, 100, 101], "excluded_lines": []}, "TestExtensionsLoader.test_graceful_none_returns": {"executed_lines": [], "summary": {"covered_lines": 0, "num_statements": 10, "percent_covered": 0.0, "percent_covered_display": "0", "missing_lines": 10, "excluded_lines": 0}, "missing_lines": [106, 107, 108, 109, 110, 111, 112, 115, 117, 118], "excluded_lines": []}, "TestExtensionsLoader.test_detector_import_returns_valid_module": {"executed_lines": [], "summary": {"covered_lines": 0, "num_statements": 9, "percent_covered": 0.0, "percent_covered_display": "0", "missing_lines": 9, "excluded_lines": 0}, "missing_lines": [122, 124, 125, 128, 129, 131, 132, 134, 135], "excluded_lines": []}, "TestLoaderErrorHandling.test_no_exceptions_on_missing_files": {"executed_lines": [], "summary": {"covered_lines": 0, "num_statements": 4, "percent_covered": 0.0, "percent_covered_display": "0", "missing_lines": 4, "excluded_lines": 0}, "missing_lines": [144, 145, 148, 149], "excluded_lines": []}, "": {"executed_lines": [], "summary": {"covered_lines": 0, "num_statements": 24, "percent_covered": 0.0, "percent_covered_display": "0", "missing_lines": 24, "excluded_lines": 0}, "missing_lines": [5, 6, 7, 10, 12, 15, 18, 28, 33, 43, 48, 57, 66, 71, 76, 82, 87, 95, 103, 120, 138, 141, 152, 153], "excluded_lines": []}}, "classes": {"TestExtensionsLoader": {"executed_lines": [], "summary": {"covered_lines": 0, "num_statements": 52, "percent_covered": 0.0, "percent_covered_display": "0", "missing_lines": 52, "excluded_lines": 0}, "missing_lines": [20, 23, 24, 25, 26, 30, 31, 35, 38, 39, 45, 46, 50, 53, 54, 55, 59, 62, 63, 64, 68, 69, 73, 74, 79, 80, 84, 85, 89, 91, 97, 100, 101, 106, 107, 108, 109, 110, 111, 112, 115, 117, 118, 122, 124, 125, 128, 129, 131, 132, 134, 135], "excluded_lines": []}, "TestLoaderErrorHandling": {"executed_lines": [], "summary": {"covered_lines": 0, "num_statements": 4, "percent_covered": 0.0, "percent_covered_display": "0", "missing_lines": 4, "excluded_lines": 0}, "missing_lines": [144, 145, 148, 149], "excluded_lines": []}, "": {"executed_lines": [], "summary": {"covered_lines": 0, "num_statements": 24, "percent_covered": 0.0, "percent_covered_display": "0", "missing_lines": 24, "excluded_lines": 0}, "missing_lines": [5, 6, 7, 10, 12, 15, 18, 28, 33, 43, 48, 57, 66, 71, 76, 82, 87, 95, 103, 120, 138, 141, 152, 153], "excluded_lines": []}}}, "extensions/flowise/validate_workflow.py": {"executed_lines": [], "summary": {"covered_lines": 0, "num_statements": 281, "percent_covered": 0.0, "percent_covered_display": "0", "missing_lines": 281, "excluded_lines": 0}, "missing_lines": [17, 18, 19, 20, 22, 25, 26, 27, 28, 30, 31, 33, 34, 36, 38, 39, 42, 43, 44, 45, 46, 47, 48, 49, 50, 53, 55, 56, 57, 58, 60, 62, 64, 66, 67, 69, 71, 72, 73, 74, 75, 78, 79, 84, 88, 89, 95, 96, 102, 103, 104, 109, 116, 117, 118, 119, 124, 125, 126, 130, 131, 132, 136, 137, 139, 141, 143, 146, 147, 148, 153, 154, 155, 160, 161, 162, 166, 167, 169, 171, 173, 175, 177, 178, 179, 181, 182, 184, 187, 188, 190, 191, 196, 197, 199, 201, 203, 206, 208, 210, 211, 212, 214, 215, 217, 218, 219, 220, 226, 227, 229, 231, 233, 235, 237, 238, 239, 241, 242, 244, 246, 247, 253, 254, 258, 259, 261, 263, 265, 267, 269, 270, 271, 273, 274, 279, 280, 282, 284, 286, 289, 290, 291, 292, 293, 296, 297, 303, 304, 311, 312, 313, 318, 319, 320, 321, 322, 325, 326, 327, 334, 335, 336, 342, 343, 350, 352, 353, 354, 355, 356, 359, 360, 365, 366, 373, 374, 375, 381, 382, 383, 384, 390, 391, 392, 398, 399, 400, 401, 402, 404, 405, 412, 414, 415, 416, 418, 419, 426, 428, 429, 431, 433, 434, 439, 440, 442, 444, 446, 449, 451, 452, 453, 456, 457, 458, 461, 462, 466, 467, 472, 475, 476, 478, 479, 486, 487, 489, 490, 496, 497, 499, 500, 502, 505, 506, 507, 508, 509, 512, 513, 519, 520, 521, 522, 524, 525, 529, 530, 532, 534, 536, 537, 538, 540, 541, 542, 543, 544, 546, 547, 548, 549, 550, 552, 553, 554, 556, 559, 560, 561, 562, 564, 566, 567, 568, 570, 571, 573, 576, 577], "excluded_lines": [], "functions": {"FlowiseValidator.__init__": {"executed_lines": [], "summary": {"covered_lines": 0, "num_statements": 7, "percent_covered": 0.0, "percent_covered_display": "0", "missing_lines": 7, "excluded_lines": 0}, "missing_lines": [26, 27, 28, 30, 31, 33, 34], "excluded_lines": []}, "FlowiseValidator.validate_all": {"executed_lines": [], "summary": {"covered_lines": 0, "num_statements": 17, "percent_covered": 0.0, "percent_covered_display": "0", "missing_lines": 17, "excluded_lines": 0}, "missing_lines": [38, 39, 42, 43, 44, 45, 46, 47, 48, 49, 50, 53, 55, 56, 57, 58, 60], "excluded_lines": []}, "FlowiseValidator.validate_pattern_10_hil_gate_inputparams": {"executed_lines": [], "summary": {"covered_lines": 0, "num_statements": 33, "percent_covered": 0.0, "percent_covered_display": "0", "missing_lines": 33, "excluded_lines": 0}, "missing_lines": [64, 66, 67, 69, 71, 72, 73, 74, 75, 78, 79, 84, 88, 89, 95, 96, 102, 103, 104, 109, 116, 117, 118, 119, 124, 125, 126, 130, 131, 132, 136, 137, 139], "excluded_lines": []}, "FlowiseValidator.validate_pattern_01_meta_description": {"executed_lines": [], "summary": {"covered_lines": 0, "num_statements": 13, "percent_covered": 0.0, "percent_covered_display": "0", "missing_lines": 13, "excluded_lines": 0}, "missing_lines": [143, 146, 147, 148, 153, 154, 155, 160, 161, 162, 166, 167, 169], "excluded_lines": []}, "FlowiseValidator.validate_pattern_04_disconnected_nodes": {"executed_lines": [], "summary": {"covered_lines": 0, "num_statements": 15, "percent_covered": 0.0, "percent_covered_display": "0", "missing_lines": 15, "excluded_lines": 0}, "missing_lines": [173, 175, 177, 178, 179, 181, 182, 184, 187, 188, 190, 191, 196, 197, 199], "excluded_lines": []}, "FlowiseValidator.validate_pattern_05_phantom_tools": {"executed_lines": [], "summary": {"covered_lines": 0, "num_statements": 15, "percent_covered": 0.0, "percent_covered_display": "0", "missing_lines": 15, "excluded_lines": 0}, "missing_lines": [203, 206, 208, 210, 211, 212, 214, 215, 217, 218, 219, 220, 226, 227, 229], "excluded_lines": []}, "FlowiseValidator.validate_pattern_06_tool_structure": {"executed_lines": [], "summary": {"covered_lines": 0, "num_statements": 15, "percent_covered": 0.0, "percent_covered_display": "0", "missing_lines": 15, "excluded_lines": 0}, "missing_lines": [233, 235, 237, 238, 239, 241, 242, 244, 246, 247, 253, 254, 258, 259, 261], "excluded_lines": []}, "FlowiseValidator.validate_pattern_08_missing_inputparams": {"executed_lines": [], "summary": {"covered_lines": 0, "num_statements": 10, "percent_covered": 0.0, "percent_covered_display": "0", "missing_lines": 10, "excluded_lines": 0}, "missing_lines": [265, 267, 269, 270, 271, 273, 274, 279, 280, 282], "excluded_lines": []}, "FlowiseValidator.validate_pattern_14_node_type_mismatch": {"executed_lines": [], "summary": {"covered_lines": 0, "num_statements": 68, "percent_covered": 0.0, "percent_covered_display": "0", "missing_lines": 68, "excluded_lines": 0}, "missing_lines": [286, 289, 290, 291, 292, 293, 296, 297, 303, 304, 311, 312, 313, 318, 319, 320, 321, 322, 325, 326, 327, 334, 335, 336, 342, 343, 350, 352, 353, 354, 355, 356, 359, 360, 365, 366, 373, 374, 375, 381, 382, 383, 384, 390, 391, 392, 398, 399, 400, 401, 402, 404, 405, 412, 414, 415, 416, 418, 419, 426, 428, 429, 431, 433, 434, 439, 440, 442], "excluded_lines": []}, "FlowiseValidator.validate_pattern_15_missing_agent_state_updates": {"executed_lines": [], "summary": {"covered_lines": 0, "num_statements": 24, "percent_covered": 0.0, "percent_covered_display": "0", "missing_lines": 24, "excluded_lines": 0}, "missing_lines": [446, 449, 451, 452, 453, 456, 457, 458, 461, 462, 466, 467, 472, 475, 476, 478, 479, 486, 487, 489, 490, 496, 497, 499], "excluded_lines": []}, "FlowiseValidator.validate_structure_authority": {"executed_lines": [], "summary": {"covered_lines": 0, "num_statements": 17, "percent_covered": 0.0, "percent_covered_display": "0", "missing_lines": 17, "excluded_lines": 0}, "missing_lines": [502, 505, 506, 507, 508, 509, 512, 513, 519, 520, 521, 522, 524, 525, 529, 530, 532], "excluded_lines": []}, "FlowiseValidator.print_results": {"executed_lines": [], "summary": {"covered_lines": 0, "num_statements": 17, "percent_covered": 0.0, "percent_covered_display": "0", "missing_lines": 17, "excluded_lines": 0}, "missing_lines": [536, 537, 538, 540, 541, 542, 543, 544, 546, 547, 548, 549, 550, 552, 553, 554, 556], "excluded_lines": []}, "main": {"executed_lines": [], "summary": {"covered_lines": 0, "num_statements": 10, "percent_covered": 0.0, "percent_covered_display": "0", "missing_lines": 10, "excluded_lines": 0}, "missing_lines": [560, 561, 562, 564, 566, 567, 568, 570, 571, 573], "excluded_lines": []}, "": {"executed_lines": [], "summary": {"covered_lines": 0, "num_statements": 20, "percent_covered": 0.0, "percent_covered_display": "0", "missing_lines": 20, "excluded_lines": 0}, "missing_lines": [17, 18, 19, 20, 22, 25, 36, 62, 141, 171, 201, 231, 263, 284, 444, 500, 534, 559, 576, 577], "excluded_lines": []}}, "classes": {"FlowiseValidator": {"executed_lines": [], "summary": {"covered_lines": 0, "num_statements": 251, "percent_covered": 0.0, "percent_covered_display": "0", "missing_lines": 251, "excluded_lines": 0}, "missing_lines": [26, 27, 28, 30, 31, 33, 34, 38, 39, 42, 43, 44, 45, 46, 47, 48, 49, 50, 53, 55, 56, 57, 58, 60, 64, 66, 67, 69, 71, 72, 73, 74, 75, 78, 79, 84, 88, 89, 95, 96, 102, 103, 104, 109, 116, 117, 118, 119, 124, 125, 126, 130, 131, 132, 136, 137, 139, 143, 146, 147, 148, 153, 154, 155, 160, 161, 162, 166, 167, 169, 173, 175, 177, 178, 179, 181, 182, 184, 187, 188, 190, 191, 196, 197, 199, 203, 206, 208, 210, 211, 212, 214, 215, 217, 218, 219, 220, 226, 227, 229, 233, 235, 237, 238, 239, 241, 242, 244, 246, 247, 253, 254, 258, 259, 261, 265, 267, 269, 270, 271, 273, 274, 279, 280, 282, 286, 289, 290, 291, 292, 293, 296, 297, 303, 304, 311, 312, 313, 318, 319, 320, 321, 322, 325, 326, 327, 334, 335, 336, 342, 343, 350, 352, 353, 354, 355, 356, 359, 360, 365, 366, 373, 374, 375, 381, 382, 383, 384, 390, 391, 392, 398, 399, 400, 401, 402, 404, 405, 412, 414, 415, 416, 418, 419, 426, 428, 429, 431, 433, 434, 439, 440, 442, 446, 449, 451, 452, 453, 456, 457, 458, 461, 462, 466, 467, 472, 475, 476, 478, 479, 486, 487, 489, 490, 496, 497, 499, 502, 505, 506, 507, 508, 509, 512, 513, 519, 520, 521, 522, 524, 525, 529, 530, 532, 536, 537, 538, 540, 541, 542, 543, 544, 546, 547, 548, 549, 550, 552, 553, 554, 556], "excluded_lines": []}, "": {"executed_lines": [], "summary": {"covered_lines": 0, "num_statements": 30, "percent_covered": 0.0, "percent_covered_display": "0", "missing_lines": 30, "excluded_lines": 0}, "missing_lines": [17, 18, 19, 20, 22, 25, 36, 62, 141, 171, 201, 231, 263, 284, 444, 500, 534, 559, 560, 561, 562, 564, 566, 567, 568, 570, 571, 573, 576, 577], "excluded_lines": []}}}, "tools/__init__.py": {"executed_lines": [1], "summary": {"covered_lines": 0, "num_statements": 0, "percent_covered": 100.0, "percent_covered_display": "100", "missing_lines": 0, "excluded_lines": 0}, "missing_lines": [], "excluded_lines": [], "functions": {"": {"executed_lines": [], "summary": {"covered_lines": 0, "num_statements": 0, "percent_covered": 100.0, "percent_covered_display": "100", "missing_lines": 0, "excluded_lines": 0}, "missing_lines": [], "excluded_lines": []}}, "classes": {"": {"executed_lines": [], "summary": {"covered_lines": 0, "num_statements": 0, "percent_covered": 100.0, "percent_covered_display": "100", "missing_lines": 0, "excluded_lines": 0}, "missing_lines": [], "excluded_lines": []}}}, "tools/back_pressure/__init__.py": {"executed_lines": [1, 14, 15, 16, 17, 19, 21], "summary": {"covered_lines": 6, "num_statements": 6, "percent_covered": 100.0, "percent_covered_display": "100", "missing_lines": 0, "excluded_lines": 0}, "missing_lines": [], "excluded_lines": [], "functions": {"": {"executed_lines": [1, 14, 15, 16, 17, 19, 21], "summary": {"covered_lines": 6, "num_statements": 6, "percent_covered": 100.0, "percent_covered_display": "100", "missing_lines": 0, "excluded_lines": 0}, "missing_lines": [], "excluded_lines": []}}, "classes": {"": {"executed_lines": [1, 14, 15, 16, 17, 19, 21], "summary": {"covered_lines": 6, "num_statements": 6, "percent_covered": 100.0, "percent_covered_display": "100", "missing_lines": 0, "excluded_lines": 0}, "missing_lines": [], "excluded_lines": []}}}, "tools/back_pressure/back_pressure_config.py": {"executed_lines": [1, 9, 10, 11, 15, 198, 208, 211, 214, 216, 219, 225, 228, 229, 231, 234, 237, 239, 240, 241, 246, 247, 257, 258, 277, 283, 284, 287, 298, 300, 303, 304, 308], "summary": {"covered_lines": 32, "num_statements": 72, "percent_covered": 44.44444444444444, "percent_covered_display": "44", "missing_lines": 40, "excluded_lines": 0}, "missing_lines": [232, 235, 248, 249, 252, 253, 255, 261, 262, 263, 264, 265, 266, 267, 268, 269, 270, 271, 272, 274, 301, 309, 310, 312, 313, 314, 315, 316, 317, 319, 321, 322, 323, 324, 325, 326, 327, 330, 331, 332], "excluded_lines": [], "functions": {"get_back_pressure_config": {"executed_lines": [208, 211, 214, 216], "summary": {"covered_lines": 4, "num_statements": 4, "percent_covered": 100.0, "percent_covered_display": "100", "missing_lines": 0, "excluded_lines": 0}, "missing_lines": [], "excluded_lines": []}, "detect_language": {"executed_lines": [225, 228, 229, 231, 234, 237, 239, 240, 241, 246, 247, 257, 258], "summary": {"covered_lines": 13, "num_statements": 33, "percent_covered": 39.39393939393939, "percent_covered_display": "39", "missing_lines": 20, "excluded_lines": 0}, "missing_lines": [232, 235, 248, 249, 252, 253, 255, 261, 262, 263, 264, 265, 266, 267, 268, 269, 270, 271, 272, 274], "excluded_lines": []}, "get_language_natural_pressure": {"executed_lines": [283, 284], "summary": {"covered_lines": 2, "num_statements": 2, "percent_covered": 100.0, "percent_covered_display": "100", "missing_lines": 0, "excluded_lines": 0}, "missing_lines": [], "excluded_lines": []}, "should_enable_check": {"executed_lines": [298, 300, 303, 304], "summary": {"covered_lines": 4, "num_statements": 5, "percent_covered": 80.0, "percent_covered_display": "80", "missing_lines": 1, "excluded_lines": 0}, "missing_lines": [301], "excluded_lines": []}, "": {"executed_lines": [1, 9, 10, 11, 15, 198, 219, 277, 287, 308], "summary": {"covered_lines": 9, "num_statements": 28, "percent_covered": 32.142857142857146, "percent_covered_display": "32", "missing_lines": 19, "excluded_lines": 0}, "missing_lines": [309, 310, 312, 313, 314, 315, 316, 317, 319, 321, 322, 323, 324, 325, 326, 327, 330, 331, 332], "excluded_lines": []}}, "classes": {"": {"executed_lines": [1, 9, 10, 11, 15, 198, 208, 211, 214, 216, 219, 225, 228, 229, 231, 234, 237, 239, 240, 241, 246, 247, 257, 258, 277, 283, 284, 287, 298, 300, 303, 304, 308], "summary": {"covered_lines": 32, "num_statements": 72, "percent_covered": 44.44444444444444, "percent_covered_display": "44", "missing_lines": 40, "excluded_lines": 0}, "missing_lines": [232, 235, 248, 249, 252, 253, 255, 261, 262, 263, 264, 265, 266, 267, 268, 269, 270, 271, 272, 274, 301, 309, 310, 312, 313, 314, 315, 316, 317, 319, 321, 322, 323, 324, 325, 326, 327, 330, 331, 332], "excluded_lines": []}}}, "tools/back_pressure/integration_pre_check.py": {"executed_lines": [1, 8, 9, 10, 11, 12, 15, 30, 31, 34, 36, 39, 40, 48, 49, 50, 58, 59, 66, 67, 69, 77, 83, 86, 87, 88, 90, 92, 93, 94, 95, 96, 100, 101, 104, 105, 118, 124, 125, 127, 128, 130, 132, 136, 137, 138, 139, 146, 147, 157, 164, 197, 227, 259, 276, 282, 283, 285, 287, 289, 293, 294, 295, 297, 298, 302, 309, 316, 320, 321, 323, 326, 328, 346, 354], "summary": {"covered_lines": 74, "num_statements": 138, "percent_covered": 53.6231884057971, "percent_covered_display": "54", "missing_lines": 64, "excluded_lines": 0}, "missing_lines": [89, 97, 98, 99, 106, 107, 108, 109, 110, 111, 112, 113, 115, 151, 152, 166, 167, 175, 176, 178, 179, 180, 182, 188, 189, 199, 200, 208, 209, 210, 212, 218, 219, 229, 230, 238, 239, 240, 242, 248, 249, 267, 268, 303, 304, 329, 331, 333, 334, 336, 338, 339, 341, 343, 344, 355, 356, 358, 359, 360, 362, 363, 366, 369], "excluded_lines": [], "functions": {"integration_pre_check": {"executed_lines": [30, 31, 34, 36, 39, 40, 48, 49, 50, 58, 59, 66, 67, 69], "summary": {"covered_lines": 14, "num_statements": 14, "percent_covered": 100.0, "percent_covered_display": "100", "missing_lines": 0, "excluded_lines": 0}, "missing_lines": [], "excluded_lines": []}, "detect_project_language": {"executed_lines": [83, 86, 87, 88, 90, 92, 93, 94, 95, 96, 100, 101, 104, 105], "summary": {"covered_lines": 14, "num_statements": 27, "percent_covered": 51.851851851851855, "percent_covered_display": "52", "missing_lines": 13, "excluded_lines": 0}, "missing_lines": [89, 97, 98, 99, 106, 107, 108, 109, 110, 111, 112, 113, 115], "excluded_lines": []}, "run_syntax_check": {"executed_lines": [124, 125, 127, 128, 130, 132, 136, 137, 138, 139, 146, 147, 157, 164, 197, 227, 259], "summary": {"covered_lines": 17, "num_statements": 47, "percent_covered": 36.170212765957444, "percent_covered_display": "36", "missing_lines": 30, "excluded_lines": 0}, "missing_lines": [151, 152, 166, 167, 175, 176, 178, 179, 180, 182, 188, 189, 199, 200, 208, 209, 210, 212, 218, 219, 229, 230, 238, 239, 240, 242, 248, 249, 267, 268], "excluded_lines": []}, "check_imports": {"executed_lines": [282, 283, 285, 287, 289, 293, 294, 295, 297, 298, 302, 309], "summary": {"covered_lines": 12, "num_statements": 14, "percent_covered": 85.71428571428571, "percent_covered_display": "86", "missing_lines": 2, "excluded_lines": 0}, "missing_lines": [303, 304], "excluded_lines": []}, "check_required_files": {"executed_lines": [320, 321, 323, 326, 328, 346], "summary": {"covered_lines": 6, "num_statements": 16, "percent_covered": 37.5, "percent_covered_display": "38", "missing_lines": 10, "excluded_lines": 0}, "missing_lines": [329, 331, 333, 334, 336, 338, 339, 341, 343, 344], "excluded_lines": []}, "": {"executed_lines": [1, 8, 9, 10, 11, 12, 15, 77, 118, 276, 316, 354], "summary": {"covered_lines": 11, "num_statements": 20, "percent_covered": 55.0, "percent_covered_display": "55", "missing_lines": 9, "excluded_lines": 0}, "missing_lines": [355, 356, 358, 359, 360, 362, 363, 366, 369], "excluded_lines": []}}, "classes": {"": {"executed_lines": [1, 8, 9, 10, 11, 12, 15, 30, 31, 34, 36, 39, 40, 48, 49, 50, 58, 59, 66, 67, 69, 77, 83, 86, 87, 88, 90, 92, 93, 94, 95, 96, 100, 101, 104, 105, 118, 124, 125, 127, 128, 130, 132, 136, 137, 138, 139, 146, 147, 157, 164, 197, 227, 259, 276, 282, 283, 285, 287, 289, 293, 294, 295, 297, 298, 302, 309, 316, 320, 321, 323, 326, 328, 346, 354], "summary": {"covered_lines": 74, "num_statements": 138, "percent_covered": 53.6231884057971, "percent_covered_display": "54", "missing_lines": 64, "excluded_lines": 0}, "missing_lines": [89, 97, 98, 99, 106, 107, 108, 109, 110, 111, 112, 113, 115, 151, 152, 166, 167, 175, 176, 178, 179, 180, 182, 188, 189, 199, 200, 208, 209, 210, 212, 218, 219, 229, 230, 238, 239, 240, 242, 248, 249, 267, 268, 303, 304, 329, 331, 333, 334, 336, 338, 339, 341, 343, 344, 355, 356, 358, 359, 360, 362, 363, 366, 369], "excluded_lines": []}}}, "tools/back_pressure/validate_architecture.py": {"executed_lines": [1, 7, 8, 9, 10, 13, 28, 31, 32, 33, 34, 41, 42, 45, 46, 47, 54, 55, 63, 64, 65, 73, 74, 75, 81, 84, 85, 87, 95, 102, 103, 104, 107, 112, 113, 116, 122, 128, 129, 130, 135, 141, 148, 149, 150, 152, 155, 161, 164, 165, 167, 168, 169, 171, 173, 176, 187, 190, 192, 193, 194, 195, 198, 199, 201, 205], "summary": {"covered_lines": 65, "num_statements": 77, "percent_covered": 84.41558441558442, "percent_covered_display": "84", "missing_lines": 12, "excluded_lines": 0}, "missing_lines": [56, 66, 132, 206, 207, 209, 210, 211, 213, 214, 217, 220], "excluded_lines": [], "functions": {"validate_architecture": {"executed_lines": [28, 31, 32, 33, 34, 41, 42, 45, 46, 47, 54, 55, 63, 64, 65, 73, 74, 75, 81, 84, 85, 87], "summary": {"covered_lines": 22, "num_statements": 24, "percent_covered": 91.66666666666667, "percent_covered_display": "92", "missing_lines": 2, "excluded_lines": 0}, "missing_lines": [56, 66], "excluded_lines": []}, "check_test_strategy_exists": {"executed_lines": [102, 103, 104, 107, 112, 113], "summary": {"covered_lines": 6, "num_statements": 6, "percent_covered": 100.0, "percent_covered_display": "100", "missing_lines": 0, "excluded_lines": 0}, "missing_lines": [], "excluded_lines": []}, "check_file_structure_specified": {"executed_lines": [122, 128, 129, 130], "summary": {"covered_lines": 4, "num_statements": 5, "percent_covered": 80.0, "percent_covered_display": "80", "missing_lines": 1, "excluded_lines": 0}, "missing_lines": [132], "excluded_lines": []}, "check_implementation_steps_exist": {"executed_lines": [141, 148, 149, 150, 152], "summary": {"covered_lines": 5, "num_statements": 5, "percent_covered": 100.0, "percent_covered_display": "100", "missing_lines": 0, "excluded_lines": 0}, "missing_lines": [], "excluded_lines": []}, "find_duplicate_file_paths": {"executed_lines": [161, 164, 165, 167, 168, 169, 171, 173], "summary": {"covered_lines": 8, "num_statements": 8, "percent_covered": 100.0, "percent_covered_display": "100", "missing_lines": 0, "excluded_lines": 0}, "missing_lines": [], "excluded_lines": []}, "extract_file_paths": {"executed_lines": [187, 190, 192, 193, 194, 195, 198, 199, 201], "summary": {"covered_lines": 9, "num_statements": 9, "percent_covered": 100.0, "percent_covered_display": "100", "missing_lines": 0, "excluded_lines": 0}, "missing_lines": [], "excluded_lines": []}, "": {"executed_lines": [1, 7, 8, 9, 10, 13, 95, 116, 135, 155, 176, 205], "summary": {"covered_lines": 11, "num_statements": 20, "percent_covered": 55.0, "percent_covered_display": "55", "missing_lines": 9, "excluded_lines": 0}, "missing_lines": [206, 207, 209, 210, 211, 213, 214, 217, 220], "excluded_lines": []}}, "classes": {"": {"executed_lines": [1, 7, 8, 9, 10, 13, 28, 31, 32, 33, 34, 41, 42, 45, 46, 47, 54, 55, 63, 64, 65, 73, 74, 75, 81, 84, 85, 87, 95, 102, 103, 104, 107, 112, 113, 116, 122, 128, 129, 130, 135, 141, 148, 149, 150, 152, 155, 161, 164, 165, 167, 168, 169, 171, 173, 176, 187, 190, 192, 193, 194, 195, 198, 199, 201, 205], "summary": {"covered_lines": 65, "num_statements": 77, "percent_covered": 84.41558441558442, "percent_covered_display": "84", "missing_lines": 12, "excluded_lines": 0}, "missing_lines": [56, 66, 132, 206, 207, 209, 210, 211, 213, 214, 217, 220], "excluded_lines": []}}}, "tools/back_pressure/validate_tech_stack.py": {"executed_lines": [1, 8, 9, 10, 11, 12, 15, 31, 34, 35, 36, 37, 46, 48, 50, 58, 59, 60, 63, 64, 66, 67, 69, 71, 74, 77, 79, 81, 90, 103, 106, 112, 113, 115, 119, 120, 121, 122, 125, 126, 127, 128, 132, 133, 134, 136, 143, 146, 162, 172, 173, 175, 181, 182, 189, 191, 193, 200, 201, 203, 204, 209, 222, 241, 251, 252, 255, 264, 265, 266, 269, 270, 271, 273, 274, 275, 276, 277, 279, 286], "summary": {"covered_lines": 79, "num_statements": 99, "percent_covered": 79.79797979797979, "percent_covered_display": "80", "missing_lines": 20, "excluded_lines": 0}, "missing_lines": [70, 72, 176, 194, 217, 229, 230, 234, 235, 280, 282, 287, 288, 290, 291, 292, 294, 295, 298, 301], "excluded_lines": [], "functions": {"validate_tech_stack": {"executed_lines": [31, 34, 35, 36, 37, 46, 48, 50, 58, 59, 60, 63, 64, 66, 67, 69, 71, 74, 77, 79, 81], "summary": {"covered_lines": 21, "num_statements": 23, "percent_covered": 91.30434782608695, "percent_covered_display": "91", "missing_lines": 2, "excluded_lines": 0}, "missing_lines": [70, 72], "excluded_lines": []}, "extract_tech_stack": {"executed_lines": [103, 106, 112, 113, 115, 119, 120, 121, 122, 125, 126, 127, 128, 132, 133, 134, 136, 143], "summary": {"covered_lines": 18, "num_statements": 18, "percent_covered": 100.0, "percent_covered_display": "100", "missing_lines": 0, "excluded_lines": 0}, "missing_lines": [], "excluded_lines": []}, "check_language_available": {"executed_lines": [162, 172, 173, 175, 181, 182, 189, 191, 193, 200, 201, 203, 204, 209, 222], "summary": {"covered_lines": 15, "num_statements": 22, "percent_covered": 68.18181818181819, "percent_covered_display": "68", "missing_lines": 7, "excluded_lines": 0}, "missing_lines": [176, 194, 217, 229, 230, 234, 235], "excluded_lines": []}, "parse_version": {"executed_lines": [251, 252], "summary": {"covered_lines": 2, "num_statements": 2, "percent_covered": 100.0, "percent_covered_display": "100", "missing_lines": 0, "excluded_lines": 0}, "missing_lines": [], "excluded_lines": []}, "version_compare": {"executed_lines": [264, 265, 266, 269, 270, 271, 273, 274, 275, 276, 277, 279], "summary": {"covered_lines": 12, "num_statements": 14, "percent_covered": 85.71428571428571, "percent_covered_display": "86", "missing_lines": 2, "excluded_lines": 0}, "missing_lines": [280, 282], "excluded_lines": []}, "": {"executed_lines": [1, 8, 9, 10, 11, 12, 15, 90, 146, 241, 255, 286], "summary": {"covered_lines": 11, "num_statements": 20, "percent_covered": 55.0, "percent_covered_display": "55", "missing_lines": 9, "excluded_lines": 0}, "missing_lines": [287, 288, 290, 291, 292, 294, 295, 298, 301], "excluded_lines": []}}, "classes": {"": {"executed_lines": [1, 8, 9, 10, 11, 12, 15, 31, 34, 35, 36, 37, 46, 48, 50, 58, 59, 60, 63, 64, 66, 67, 69, 71, 74, 77, 79, 81, 90, 103, 106, 112, 113, 115, 119, 120, 121, 122, 125, 126, 127, 128, 132, 133, 134, 136, 143, 146, 162, 172, 173, 175, 181, 182, 189, 191, 193, 200, 201, 203, 204, 209, 222, 241, 251, 252, 255, 264, 265, 266, 269, 270, 271, 273, 274, 275, 276, 277, 279, 286], "summary": {"covered_lines": 79, "num_statements": 99, "percent_covered": 79.79797979797979, "percent_covered_display": "80", "missing_lines": 20, "excluded_lines": 0}, "missing_lines": [70, 72, 176, 194, 217, 229, 230, 234, 235, 280, 282, 287, 288, 290, 291, 292, 294, 295, 298, 301], "excluded_lines": []}}}, "tools/baml_integration.py": {"executed_lines": [2, 25, 26, 27, 28, 29, 30, 31, 34, 35, 36, 38, 40, 41, 47, 49, 52, 54, 57, 64, 67, 68, 71, 72, 74, 75, 77, 80, 90, 93, 96, 100, 101, 104, 107, 110, 111, 114, 126, 131, 133, 138, 139, 142, 143, 147, 149, 152, 153, 158, 159, 160, 163, 165, 166, 168, 169, 172, 178, 181, 183, 190, 192, 195, 197, 200, 221, 222, 224, 225, 229, 231, 233, 250, 253, 255, 257, 258, 259, 260, 309, 310, 311, 313, 315, 316, 317, 320, 327, 341, 342, 347, 349, 350, 351, 355, 356, 370, 371, 373, 374, 376, 378, 380, 382, 383, 387, 389, 390, 391, 394, 413, 414, 418, 419, 420, 424, 425, 441, 442, 444, 445, 447, 449, 451, 453, 463, 480, 481, 485, 486, 487, 491, 492, 507, 508, 510, 511, 513, 515, 517, 519, 529, 542, 543, 547, 548, 549, 553, 554, 568, 569, 571, 572, 574, 576, 578, 580, 592, 600, 603, 610, 621], "summary": {"covered_lines": 162, "num_statements": 246, "percent_covered": 65.85365853658537, "percent_covered_display": "66", "missing_lines": 84, "excluded_lines": 0}, "missing_lines": [42, 43, 44, 91, 97, 102, 127, 134, 135, 144, 145, 154, 155, 185, 186, 187, 226, 262, 265, 266, 269, 270, 274, 275, 276, 277, 278, 279, 281, 285, 286, 288, 289, 290, 291, 292, 293, 294, 296, 297, 298, 299, 302, 303, 304, 306, 307, 352, 377, 379, 381, 385, 421, 448, 450, 452, 455, 457, 458, 459, 460, 488, 514, 516, 518, 521, 523, 524, 525, 526, 550, 575, 577, 579, 582, 584, 585, 586, 587, 623, 624, 626, 627, 629], "excluded_lines": [], "functions": {"get_baml_schemas_dir": {"executed_lines": [49], "summary": {"covered_lines": 1, "num_statements": 1, "percent_covered": 100.0, "percent_covered_display": "100", "missing_lines": 0, "excluded_lines": 0}, "missing_lines": [], "excluded_lines": []}, "get_baml_client_dir": {"executed_lines": [54], "summary": {"covered_lines": 1, "num_statements": 1, "percent_covered": 100.0, "percent_covered_display": "100", "missing_lines": 0, "excluded_lines": 0}, "missing_lines": [], "excluded_lines": []}, "get_baml_env_vars": {"executed_lines": [64, 67, 68, 71, 72, 74, 75, 77], "summary": {"covered_lines": 8, "num_statements": 8, "percent_covered": 100.0, "percent_covered_display": "100", "missing_lines": 0, "excluded_lines": 0}, "missing_lines": [], "excluded_lines": []}, "compile_baml_schemas": {"executed_lines": [90, 93, 96, 100, 101, 104], "summary": {"covered_lines": 6, "num_statements": 9, "percent_covered": 66.66666666666667, "percent_covered_display": "67", "missing_lines": 3, "excluded_lines": 0}, "missing_lines": [91, 97, 102], "excluded_lines": []}, "clear_baml_cache": {"executed_lines": [110, 111], "summary": {"covered_lines": 2, "num_statements": 2, "percent_covered": 100.0, "percent_covered_display": "100", "missing_lines": 0, "excluded_lines": 0}, "missing_lines": [], "excluded_lines": []}, "get_baml_client": {"executed_lines": [126, 131, 133, 138, 139, 142, 143, 147, 149, 152, 153, 158, 159, 160, 163, 165, 166, 168, 169, 172, 178, 181, 183], "summary": {"covered_lines": 23, "num_statements": 33, "percent_covered": 69.6969696969697, "percent_covered_display": "70", "missing_lines": 10, "excluded_lines": 0}, "missing_lines": [127, 134, 135, 144, 145, 154, 155, 185, 186, 187], "excluded_lines": []}, "is_baml_available": {"executed_lines": [192], "summary": {"covered_lines": 1, "num_statements": 1, "percent_covered": 100.0, "percent_covered_display": "100", "missing_lines": 0, "excluded_lines": 0}, "missing_lines": [], "excluded_lines": []}, "get_baml_error": {"executed_lines": [197], "summary": {"covered_lines": 1, "num_statements": 1, "percent_covered": 100.0, "percent_covered_display": "100", "missing_lines": 0, "excluded_lines": 0}, "missing_lines": [], "excluded_lines": []}, "update_phase_with_baml": {"executed_lines": [221, 222, 224, 225, 229, 231, 233, 250, 253, 255, 257, 258, 259, 260, 309, 310, 311, 313, 315, 316, 317, 320], "summary": {"covered_lines": 22, "num_statements": 53, "percent_covered": 41.509433962264154, "percent_covered_display": "42", "missing_lines": 31, "excluded_lines": 0}, "missing_lines": [226, 262, 265, 266, 269, 270, 274, 275, 276, 277, 278, 279, 281, 285, 286, 288, 289, 290, 291, 292, 293, 294, 296, 297, 298, 299, 302, 303, 304, 306, 307], "excluded_lines": []}, "validate_phase_info": {"executed_lines": [341, 342, 347, 349, 350, 351, 355, 356, 370, 371, 373, 374, 376, 378, 380, 382, 383, 387, 389, 390, 391], "summary": {"covered_lines": 21, "num_statements": 26, "percent_covered": 80.76923076923077, "percent_covered_display": "81", "missing_lines": 5, "excluded_lines": 0}, "missing_lines": [352, 377, 379, 381, 385], "excluded_lines": []}, "generate_scout_report_baml": {"executed_lines": [413, 414, 418, 419, 420, 424, 425, 441, 442, 444, 445, 447, 449, 451, 453], "summary": {"covered_lines": 15, "num_statements": 24, "percent_covered": 62.5, "percent_covered_display": "62", "missing_lines": 9, "excluded_lines": 0}, "missing_lines": [421, 448, 450, 452, 455, 457, 458, 459, 460], "excluded_lines": []}, "generate_architecture_baml": {"executed_lines": [480, 481, 485, 486, 487, 491, 492, 507, 508, 510, 511, 513, 515, 517, 519], "summary": {"covered_lines": 15, "num_statements": 24, "percent_covered": 62.5, "percent_covered_display": "62", "missing_lines": 9, "excluded_lines": 0}, "missing_lines": [488, 514, 516, 518, 521, 523, 524, 525, 526], "excluded_lines": []}, "validate_build_result_baml": {"executed_lines": [542, 543, 547, 548, 549, 553, 554, 568, 569, 571, 572, 574, 576, 578, 580], "summary": {"covered_lines": 15, "num_statements": 24, "percent_covered": 62.5, "percent_covered_display": "62", "missing_lines": 9, "excluded_lines": 0}, "missing_lines": [550, 575, 577, 579, 582, 584, 585, 586, 587], "excluded_lines": []}, "fallback_to_json": {"executed_lines": [600], "summary": {"covered_lines": 1, "num_statements": 1, "percent_covered": 100.0, "percent_covered_display": "100", "missing_lines": 0, "excluded_lines": 0}, "missing_lines": [], "excluded_lines": []}, "baml_status_summary": {"executed_lines": [610], "summary": {"covered_lines": 1, "num_statements": 1, "percent_covered": 100.0, "percent_covered_display": "100", "missing_lines": 0, "excluded_lines": 0}, "missing_lines": [], "excluded_lines": []}, "": {"executed_lines": [2, 25, 26, 27, 28, 29, 30, 31, 34, 35, 36, 38, 40, 41, 47, 52, 57, 80, 107, 114, 190, 195, 200, 327, 394, 463, 529, 592, 603, 621], "summary": {"covered_lines": 29, "num_statements": 37, "percent_covered": 78.37837837837837, "percent_covered_display": "78", "missing_lines": 8, "excluded_lines": 0}, "missing_lines": [42, 43, 44, 623, 624, 626, 627, 629], "excluded_lines": []}}, "classes": {"": {"executed_lines": [2, 25, 26, 27, 28, 29, 30, 31, 34, 35, 36, 38, 40, 41, 47, 49, 52, 54, 57, 64, 67, 68, 71, 72, 74, 75, 77, 80, 90, 93, 96, 100, 101, 104, 107, 110, 111, 114, 126, 131, 133, 138, 139, 142, 143, 147, 149, 152, 153, 158, 159, 160, 163, 165, 166, 168, 169, 172, 178, 181, 183, 190, 192, 195, 197, 200, 221, 222, 224, 225, 229, 231, 233, 250, 253, 255, 257, 258, 259, 260, 309, 310, 311, 313, 315, 316, 317, 320, 327, 341, 342, 347, 349, 350, 351, 355, 356, 370, 371, 373, 374, 376, 378, 380, 382, 383, 387, 389, 390, 391, 394, 413, 414, 418, 419, 420, 424, 425, 441, 442, 444, 445, 447, 449, 451, 453, 463, 480, 481, 485, 486, 487, 491, 492, 507, 508, 510, 511, 513, 515, 517, 519, 529, 542, 543, 547, 548, 549, 553, 554, 568, 569, 571, 572, 574, 576, 578, 580, 592, 600, 603, 610, 621], "summary": {"covered_lines": 162, "num_statements": 246, "percent_covered": 65.85365853658537, "percent_covered_display": "66", "missing_lines": 84, "excluded_lines": 0}, "missing_lines": [42, 43, 44, 91, 97, 102, 127, 134, 135, 144, 145, 154, 155, 185, 186, 187, 226, 262, 265, 266, 269, 270, 274, 275, 276, 277, 278, 279, 281, 285, 286, 288, 289, 290, 291, 292, 293, 294, 296, 297, 298, 299, 302, 303, 304, 306, 307, 352, 377, 379, 381, 385, 421, 448, 450, 452, 455, 457, 458, 459, 460, 488, 514, 516, 518, 521, 523, 524, 525, 526, 550, 575, 577, 579, 582, 584, 585, 586, 587, 623, 624, 626, 627, 629], "excluded_lines": []}}}, "tools/banner.py": {"executed_lines": [], "summary": {"covered_lines": 0, "num_statements": 11, "percent_covered": 0.0, "percent_covered_display": "0", "missing_lines": 11, "excluded_lines": 0}, "missing_lines": [7, 8, 11, 13, 16, 26, 48, 51, 59, 62, 64], "excluded_lines": [], "functions": {"get_banner": {"executed_lines": [], "summary": {"covered_lines": 0, "num_statements": 2, "percent_covered": 0.0, "percent_covered_display": "0", "missing_lines": 2, "excluded_lines": 0}, "missing_lines": [26, 48], "excluded_lines": []}, "print_banner": {"executed_lines": [], "summary": {"covered_lines": 0, "num_statements": 1, "percent_covered": 0.0, "percent_covered_display": "0", "missing_lines": 1, "excluded_lines": 0}, "missing_lines": [59], "excluded_lines": []}, "": {"executed_lines": [], "summary": {"covered_lines": 0, "num_statements": 8, "percent_covered": 0.0, "percent_covered_display": "0", "missing_lines": 8, "excluded_lines": 0}, "missing_lines": [7, 8, 11, 13, 16, 51, 62, 64], "excluded_lines": []}}, "classes": {"": {"executed_lines": [], "summary": {"covered_lines": 0, "num_statements": 11, "percent_covered": 0.0, "percent_covered_display": "0", "missing_lines": 11, "excluded_lines": 0}, "missing_lines": [7, 8, 11, 13, 16, 26, 48, 51, 59, 62, 64], "excluded_lines": []}}}, "tools/cache/__init__.py": {"executed_lines": [1, 19, 20, 21, 22, 23, 26, 27, 29, 31, 32, 33, 35, 37, 39, 41, 42, 45, 46, 48, 50, 51, 56, 58, 60, 61, 64, 65, 69, 112, 147], "summary": {"covered_lines": 30, "num_statements": 52, "percent_covered": 57.69230769230769, "percent_covered_display": "58", "missing_lines": 22, "excluded_lines": 0}, "missing_lines": [62, 66, 67, 71, 73, 74, 83, 84, 85, 86, 87, 89, 90, 91, 92, 94, 95, 96, 97, 99, 100, 102], "excluded_lines": [], "functions": {"get_cache_dir": {"executed_lines": [31, 32, 33], "summary": {"covered_lines": 3, "num_statements": 3, "percent_covered": 100.0, "percent_covered_display": "100", "missing_lines": 0, "excluded_lines": 0}, "missing_lines": [], "excluded_lines": []}, "hash_string": {"executed_lines": [37], "summary": {"covered_lines": 1, "num_statements": 1, "percent_covered": 100.0, "percent_covered_display": "100", "missing_lines": 0, "excluded_lines": 0}, "missing_lines": [], "excluded_lines": []}, "is_cache_valid": {"executed_lines": [41, 42, 45, 46], "summary": {"covered_lines": 4, "num_statements": 4, "percent_covered": 100.0, "percent_covered_display": "100", "missing_lines": 0, "excluded_lines": 0}, "missing_lines": [], "excluded_lines": []}, "save_cache_metadata": {"executed_lines": [50, 51, 56], "summary": {"covered_lines": 3, "num_statements": 3, "percent_covered": 100.0, "percent_covered_display": "100", "missing_lines": 0, "excluded_lines": 0}, "missing_lines": [], "excluded_lines": []}, "load_cache_metadata": {"executed_lines": [60, 61, 64, 65], "summary": {"covered_lines": 4, "num_statements": 7, "percent_covered": 57.142857142857146, "percent_covered_display": "57", "missing_lines": 3, "excluded_lines": 0}, "missing_lines": [62, 66, 67], "excluded_lines": []}, "get_cache_stats": {"executed_lines": [], "summary": {"covered_lines": 0, "num_statements": 19, "percent_covered": 0.0, "percent_covered_display": "0", "missing_lines": 19, "excluded_lines": 0}, "missing_lines": [71, 73, 74, 83, 84, 85, 86, 87, 89, 90, 91, 92, 94, 95, 96, 97, 99, 100, 102], "excluded_lines": []}, "": {"executed_lines": [1, 19, 20, 21, 22, 23, 26, 27, 29, 35, 39, 48, 58, 69, 112, 147], "summary": {"covered_lines": 15, "num_statements": 15, "percent_covered": 100.0, "percent_covered_display": "100", "missing_lines": 0, "excluded_lines": 0}, "missing_lines": [], "excluded_lines": []}}, "classes": {"": {"executed_lines": [1, 19, 20, 21, 22, 23, 26, 27, 29, 31, 32, 33, 35, 37, 39, 41, 42, 45, 46, 48, 50, 51, 56, 58, 60, 61, 64, 65, 69, 112, 147], "summary": {"covered_lines": 30, "num_statements": 52, "percent_covered": 57.69230769230769, "percent_covered_display": "58", "missing_lines": 22, "excluded_lines": 0}, "missing_lines": [62, 66, 67, 71, 73, 74, 83, 84, 85, 86, 87, 89, 90, 91, 92, 94, 95, 96, 97, 99, 100, 102], "excluded_lines": []}}}, "tools/cache/cache_manager.py": {"executed_lines": [1, 13, 14, 15, 16, 18, 24, 25, 27, 28, 30, 37, 38, 40, 51, 52, 55, 56, 58, 59, 60, 61, 62, 64, 73, 129, 136, 137, 139, 145, 155, 156, 165, 235, 262], "summary": {"covered_lines": 33, "num_statements": 113, "percent_covered": 29.20353982300885, "percent_covered_display": "29", "missing_lines": 80, "excluded_lines": 0}, "missing_lines": [83, 84, 85, 87, 88, 95, 96, 97, 99, 100, 102, 105, 106, 107, 110, 111, 112, 113, 115, 117, 118, 120, 122, 157, 158, 159, 160, 161, 163, 175, 176, 183, 184, 186, 187, 188, 189, 190, 191, 193, 196, 197, 204, 207, 208, 210, 211, 212, 214, 215, 218, 219, 220, 222, 223, 224, 226, 227, 229, 237, 239, 240, 241, 242, 243, 244, 246, 247, 248, 249, 250, 251, 252, 254, 255, 256, 257, 258, 259, 260], "excluded_lines": [], "functions": {"CacheManager.__init__": {"executed_lines": [37, 38], "summary": {"covered_lines": 2, "num_statements": 2, "percent_covered": 100.0, "percent_covered_display": "100", "missing_lines": 0, "excluded_lines": 0}, "missing_lines": [], "excluded_lines": []}, "CacheManager.get_stats": {"executed_lines": [51, 52, 55, 56, 58, 59, 60, 61, 62, 64], "summary": {"covered_lines": 10, "num_statements": 10, "percent_covered": 100.0, "percent_covered_display": "100", "missing_lines": 0, "excluded_lines": 0}, "missing_lines": [], "excluded_lines": []}, "CacheManager.clean_expired": {"executed_lines": [], "summary": {"covered_lines": 0, "num_statements": 23, "percent_covered": 0.0, "percent_covered_display": "0", "missing_lines": 23, "excluded_lines": 0}, "missing_lines": [83, 84, 85, 87, 88, 95, 96, 97, 99, 100, 102, 105, 106, 107, 110, 111, 112, 113, 115, 117, 118, 120, 122], "excluded_lines": []}, "CacheManager.clear_all": {"executed_lines": [136, 137, 139], "summary": {"covered_lines": 3, "num_statements": 3, "percent_covered": 100.0, "percent_covered_display": "100", "missing_lines": 0, "excluded_lines": 0}, "missing_lines": [], "excluded_lines": []}, "CacheManager.clear_by_type": {"executed_lines": [155, 156], "summary": {"covered_lines": 2, "num_statements": 8, "percent_covered": 25.0, "percent_covered_display": "25", "missing_lines": 6, "excluded_lines": 0}, "missing_lines": [157, 158, 159, 160, 161, 163], "excluded_lines": []}, "CacheManager.enforce_size_limit": {"executed_lines": [], "summary": {"covered_lines": 0, "num_statements": 30, "percent_covered": 0.0, "percent_covered_display": "0", "missing_lines": 30, "excluded_lines": 0}, "missing_lines": [175, 176, 183, 184, 186, 187, 188, 189, 190, 191, 193, 196, 197, 204, 207, 208, 210, 211, 212, 214, 215, 218, 219, 220, 222, 223, 224, 226, 227, 229], "excluded_lines": []}, "CacheManager.print_stats": {"executed_lines": [], "summary": {"covered_lines": 0, "num_statements": 21, "percent_covered": 0.0, "percent_covered_display": "0", "missing_lines": 21, "excluded_lines": 0}, "missing_lines": [237, 239, 240, 241, 242, 243, 244, 246, 247, 248, 249, 250, 251, 252, 254, 255, 256, 257, 258, 259, 260], "excluded_lines": []}, "": {"executed_lines": [1, 13, 14, 15, 16, 18, 24, 25, 27, 28, 30, 40, 73, 129, 145, 165, 235, 262], "summary": {"covered_lines": 16, "num_statements": 16, "percent_covered": 100.0, "percent_covered_display": "100", "missing_lines": 0, "excluded_lines": 0}, "missing
[...]
, 210, 211, 213, 214, 215, 216, 218, 220, 221, 222, 223, 225, 227], "excluded_lines": [], "functions": {"NewProjectScreen.__init__": {"executed_lines": [], "summary": {"covered_lines": 0, "num_statements": 3, "percent_covered": 0.0, "percent_covered_display": "0", "missing_lines": 3, "excluded_lines": 0}, "missing_lines": [83, 84, 85], "excluded_lines": []}, "NewProjectScreen.compose": {"executed_lines": [], "summary": {"covered_lines": 0, "num_statements": 16, "percent_covered": 0.0, "percent_covered_display": "0", "missing_lines": 16, "excluded_lines": 0}, "missing_lines": [89, 91, 92, 94, 95, 101, 102, 109, 110, 116, 117, 123, 124, 125, 127, 129], "excluded_lines": []}, "NewProjectScreen.on_mount": {"executed_lines": [], "summary": {"covered_lines": 0, "num_statements": 1, "percent_covered": 0.0, "percent_covered_display": "0", "missing_lines": 1, "excluded_lines": 0}, "missing_lines": [133], "excluded_lines": []}, "NewProjectScreen.on_button_pressed": {"executed_lines": [], "summary": {"covered_lines": 0, "num_statements": 4, "percent_covered": 0.0, "percent_covered_display": "0", "missing_lines": 4, "excluded_lines": 0}, "missing_lines": [137, 138, 139, 140], "excluded_lines": []}, "NewProjectScreen.on_input_submitted": {"executed_lines": [], "summary": {"covered_lines": 0, "num_statements": 2, "percent_covered": 0.0, "percent_covered_display": "0", "missing_lines": 2, "excluded_lines": 0}, "missing_lines": [145, 146], "excluded_lines": []}, "NewProjectScreen.launch_build": {"executed_lines": [], "summary": {"covered_lines": 0, "num_statements": 38, "percent_covered": 0.0, "percent_covered_display": "0", "missing_lines": 38, "excluded_lines": 0}, "missing_lines": [150, 152, 153, 154, 155, 158, 159, 160, 162, 163, 164, 167, 170, 171, 174, 177, 178, 179, 180, 181, 184, 187, 188, 194, 195, 196, 197, 198, 204, 206, 208, 209, 210, 211, 213, 214, 215, 216], "excluded_lines": []}, "NewProjectScreen.show_message": {"executed_lines": [], "summary": {"covered_lines": 0, "num_statements": 4, "percent_covered": 0.0, "percent_covered_display": "0", "missing_lines": 4, "excluded_lines": 0}, "missing_lines": [220, 221, 222, 223], "excluded_lines": []}, "NewProjectScreen.action_cancel": {"executed_lines": [], "summary": {"covered_lines": 0, "num_statements": 1, "percent_covered": 0.0, "percent_covered_display": "0", "missing_lines": 1, "excluded_lines": 0}, "missing_lines": [227], "excluded_lines": []}, "": {"executed_lines": [], "summary": {"covered_lines": 0, "num_statements": 19, "percent_covered": 0.0, "percent_covered_display": "0", "missing_lines": 19, "excluded_lines": 0}, "missing_lines": [3, 4, 5, 6, 7, 8, 9, 11, 14, 17, 77, 82, 87, 131, 135, 142, 148, 218, 225], "excluded_lines": []}}, "classes": {"NewProjectScreen": {"executed_lines": [], "summary": {"covered_lines": 0, "num_statements": 69, "percent_covered": 0.0, "percent_covered_display": "0", "missing_lines": 69, "excluded_lines": 0}, "missing_lines": [83, 84, 85, 89, 91, 92, 94, 95, 101, 102, 109, 110, 116, 117, 123, 124, 125, 127, 129, 133, 137, 138, 139, 140, 145, 146, 150, 152, 153, 154, 155, 158, 159, 160, 162, 163, 164, 167, 170, 171, 174, 177, 178, 179, 180, 181, 184, 187, 188, 194, 195, 196, 197, 198, 204, 206, 208, 209, 210, 211, 213, 214, 215, 216, 220, 221, 222, 223, 227], "excluded_lines": []}, "": {"executed_lines": [], "summary": {"covered_lines": 0, "num_statements": 19, "percent_covered": 0.0, "percent_covered_display": "0", "missing_lines": 19, "excluded_lines": 0}, "missing_lines": [3, 4, 5, 6, 7, 8, 9, 11, 14, 17, 77, 82, 87, 131, 135, 142, 148, 218, 225], "excluded_lines": []}}}, "tools/tui/widgets/__init__.py": {"executed_lines": [], "summary": {"covered_lines": 0, "num_statements": 5, "percent_covered": 0.0, "percent_covered_display": "0", "missing_lines": 5, "excluded_lines": 0}, "missing_lines": [3, 4, 5, 6, 8], "excluded_lines": [], "functions": {"": {"executed_lines": [], "summary": {"covered_lines": 0, "num_statements": 5, "percent_covered": 0.0, "percent_covered_display": "0", "missing_lines": 5, "excluded_lines": 0}, "missing_lines": [3, 4, 5, 6, 8], "excluded_lines": []}}, "classes": {"": {"executed_lines": [], "summary": {"covered_lines": 0, "num_statements": 5, "percent_covered": 0.0, "percent_covered_display": "0", "missing_lines": 5, "excluded_lines": 0}, "missing_lines": [3, 4, 5, 6, 8], "excluded_lines": []}}}, "tools/tui/widgets/build_table.py": {"executed_lines": [], "summary": {"covered_lines": 0, "num_statements": 20, "percent_covered": 0.0, "percent_covered_display": "0", "missing_lines": 20, "excluded_lines": 0}, "missing_lines": [3, 4, 5, 7, 10, 13, 15, 17, 18, 19, 28, 30, 32, 34, 35, 37, 39, 42, 45, 47], "excluded_lines": [], "functions": {"BuildTable.on_mount": {"executed_lines": [], "summary": {"covered_lines": 0, "num_statements": 3, "percent_covered": 0.0, "percent_covered_display": "0", "missing_lines": 3, "excluded_lines": 0}, "missing_lines": [17, 18, 19], "excluded_lines": []}, "BuildTable.watch_builds": {"executed_lines": [], "summary": {"covered_lines": 0, "num_statements": 9, "percent_covered": 0.0, "percent_covered_display": "0", "missing_lines": 9, "excluded_lines": 0}, "missing_lines": [30, 32, 34, 35, 37, 39, 42, 45, 47], "excluded_lines": []}, "": {"executed_lines": [], "summary": {"covered_lines": 0, "num_statements": 8, "percent_covered": 0.0, "percent_covered_display": "0", "missing_lines": 8, "excluded_lines": 0}, "missing_lines": [3, 4, 5, 7, 10, 13, 15, 28], "excluded_lines": []}}, "classes": {"BuildTable": {"executed_lines": [], "summary": {"covered_lines": 0, "num_statements": 12, "percent_covered": 0.0, "percent_covered_display": "0", "missing_lines": 12, "excluded_lines": 0}, "missing_lines": [17, 18, 19, 30, 32, 34, 35, 37, 39, 42, 45, 47], "excluded_lines": []}, "": {"executed_lines": [], "summary": {"covered_lines": 0, "num_statements": 8, "percent_covered": 0.0, "percent_covered_display": "0", "missing_lines": 8, "excluded_lines": 0}, "missing_lines": [3, 4, 5, 7, 10, 13, 15, 28], "excluded_lines": []}}}, "tools/tui/widgets/log_viewer.py": {"executed_lines": [], "summary": {"covered_lines": 0, "num_statements": 16, "percent_covered": 0.0, "percent_covered_display": "0", "missing_lines": 16, "excluded_lines": 0}, "missing_lines": [3, 4, 7, 10, 11, 18, 20, 28, 30, 31, 33, 35, 37, 38, 40, 42], "excluded_lines": [], "functions": {"LogViewerWidget.__init__": {"executed_lines": [], "summary": {"covered_lines": 0, "num_statements": 1, "percent_covered": 0.0, "percent_covered_display": "0", "missing_lines": 1, "excluded_lines": 0}, "missing_lines": [11], "excluded_lines": []}, "LogViewerWidget.add_log": {"executed_lines": [], "summary": {"covered_lines": 0, "num_statements": 5, "percent_covered": 0.0, "percent_covered_display": "0", "missing_lines": 5, "excluded_lines": 0}, "missing_lines": [20, 28, 30, 31, 33], "excluded_lines": []}, "LogViewerWidget.add_logs": {"executed_lines": [], "summary": {"covered_lines": 0, "num_statements": 2, "percent_covered": 0.0, "percent_covered_display": "0", "missing_lines": 2, "excluded_lines": 0}, "missing_lines": [37, 38], "excluded_lines": []}, "LogViewerWidget.clear_logs": {"executed_lines": [], "summary": {"covered_lines": 0, "num_statements": 1, "percent_covered": 0.0, "percent_covered_display": "0", "missing_lines": 1, "excluded_lines": 0}, "missing_lines": [42], "excluded_lines": []}, "": {"executed_lines": [], "summary": {"covered_lines": 0, "num_statements": 7, "percent_covered": 0.0, "percent_covered_display": "0", "missing_lines": 7, "excluded_lines": 0}, "missing_lines": [3, 4, 7, 10, 18, 35, 40], "excluded_lines": []}}, "classes": {"LogViewerWidget": {"executed_lines": [], "summary": {"covered_lines": 0, "num_statements": 9, "percent_covered": 0.0, "percent_covered_display": "0", "missing_lines": 9, "excluded_lines": 0}, "missing_lines": [11, 20, 28, 30, 31, 33, 37, 38, 42], "excluded_lines": []}, "": {"executed_lines": [], "summary": {"covered_lines": 0, "num_statements": 7, "percent_covered": 0.0, "percent_covered_display": "0", "missing_lines": 7, "excluded_lines": 0}, "missing_lines": [3, 4, 7, 10, 18, 35, 40], "excluded_lines": []}}}, "tools/tui/widgets/phase_pipeline.py": {"executed_lines": [], "summary": {"covered_lines": 0, "num_statements": 104, "percent_covered": 0.0, "percent_covered_display": "0", "missing_lines": 104, "excluded_lines": 0}, "missing_lines": [3, 4, 5, 6, 7, 10, 14, 15, 16, 19, 30, 32, 35, 36, 37, 38, 39, 40, 43, 44, 47, 48, 50, 51, 54, 60, 63, 64, 65, 66, 67, 70, 71, 72, 74, 76, 77, 79, 82, 85, 86, 87, 90, 91, 94, 95, 98, 99, 100, 102, 103, 105, 107, 109, 110, 111, 112, 114, 124, 127, 130, 131, 132, 133, 135, 138, 139, 142, 158, 161, 163, 164, 166, 167, 168, 171, 172, 174, 176, 177, 178, 179, 182, 183, 184, 185, 186, 187, 188, 189, 191, 193, 194, 198, 199, 200, 201, 203, 204, 206, 208, 211, 213, 214], "excluded_lines": [], "functions": {"PhasesPipelineWidget.render": {"executed_lines": [], "summary": {"covered_lines": 0, "num_statements": 41, "percent_covered": 0.0, "percent_covered_display": "0", "missing_lines": 41, "excluded_lines": 0}, "missing_lines": [32, 35, 36, 37, 38, 39, 40, 43, 44, 47, 48, 50, 51, 54, 60, 63, 64, 65, 66, 67, 70, 71, 72, 74, 76, 77, 79, 82, 85, 86, 87, 90, 91, 94, 95, 98, 99, 100, 102, 103, 105], "excluded_lines": []}, "PhasesPipelineWidget.update_from_build": {"executed_lines": [], "summary": {"covered_lines": 0, "num_statements": 51, "percent_covered": 0.0, "percent_covered_display": "0", "missing_lines": 51, "excluded_lines": 0}, "missing_lines": [109, 110, 111, 112, 114, 124, 127, 130, 131, 132, 133, 135, 138, 139, 142, 158, 161, 163, 164, 166, 167, 168, 171, 172, 174, 176, 177, 178, 179, 182, 183, 184, 185, 186, 187, 188, 189, 191, 193, 194, 198, 199, 200, 201, 203, 204, 206, 208, 211, 213, 214], "excluded_lines": []}, "": {"executed_lines": [], "summary": {"covered_lines": 0, "num_statements": 12, "percent_covered": 0.0, "percent_covered_display": "0", "missing_lines": 12, "excluded_lines": 0}, "missing_lines": [3, 4, 5, 6, 7, 10, 14, 15, 16, 19, 30, 107], "excluded_lines": []}}, "classes": {"PhasesPipelineWidget": {"executed_lines": [], "summary": {"covered_lines": 0, "num_statements": 92, "percent_covered": 0.0, "percent_covered_display": "0", "missing_lines": 92, "excluded_lines": 0}, "missing_lines": [32, 35, 36, 37, 38, 39, 40, 43, 44, 47, 48, 50, 51, 54, 60, 63, 64, 65, 66, 67, 70, 71, 72, 74, 76, 77, 79, 82, 85, 86, 87, 90, 91, 94, 95, 98, 99, 100, 102, 103, 105, 109, 110, 111, 112, 114, 124, 127, 130, 131, 132, 133, 135, 138, 139, 142, 158, 161, 163, 164, 166, 167, 168, 171, 172, 174, 176, 177, 178, 179, 182, 183, 184, 185, 186, 187, 188, 189, 191, 193, 194, 198, 199, 200, 201, 203, 204, 206, 208, 211, 213, 214], "excluded_lines": []}, "": {"executed_lines": [], "summary": {"covered_lines": 0, "num_statements": 12, "percent_covered": 0.0, "percent_covered_display": "0", "missing_lines": 12, "excluded_lines": 0}, "missing_lines": [3, 4, 5, 6, 7, 10, 14, 15, 16, 19, 30, 107], "excluded_lines": []}}}, "tools/tui/widgets/phase_progress.py": {"executed_lines": [], "summary": {"covered_lines": 0, "num_statements": 31, "percent_covered": 0.0, "percent_covered_display": "0", "missing_lines": 31, "excluded_lines": 0}, "missing_lines": [3, 4, 5, 6, 9, 12, 13, 14, 16, 18, 19, 20, 22, 24, 25, 26, 27, 28, 30, 32, 33, 34, 35, 36, 38, 40, 41, 43, 44, 45, 46], "excluded_lines": [], "functions": {"PhaseProgressWidget.compose": {"executed_lines": [], "summary": {"covered_lines": 0, "num_statements": 3, "percent_covered": 0.0, "percent_covered_display": "0", "missing_lines": 3, "excluded_lines": 0}, "missing_lines": [18, 19, 20], "excluded_lines": []}, "PhaseProgressWidget.watch_current_phase": {"executed_lines": [], "summary": {"covered_lines": 0, "num_statements": 5, "percent_covered": 0.0, "percent_covered_display": "0", "missing_lines": 5, "excluded_lines": 0}, "missing_lines": [24, 25, 26, 27, 28], "excluded_lines": []}, "PhaseProgressWidget.watch_progress_detail": {"executed_lines": [], "summary": {"covered_lines": 0, "num_statements": 5, "percent_covered": 0.0, "percent_covered_display": "0", "missing_lines": 5, "excluded_lines": 0}, "missing_lines": [32, 33, 34, 35, 36], "excluded_lines": []}, "PhaseProgressWidget.watch_progress": {"executed_lines": [], "summary": {"covered_lines": 0, "num_statements": 6, "percent_covered": 0.0, "percent_covered_display": "0", "missing_lines": 6, "excluded_lines": 0}, "missing_lines": [40, 41, 43, 44, 45, 46], "excluded_lines": []}, "": {"executed_lines": [], "summary": {"covered_lines": 0, "num_statements": 12, "percent_covered": 0.0, "percent_covered_display": "0", "missing_lines": 12, "excluded_lines": 0}, "missing_lines": [3, 4, 5, 6, 9, 12, 13, 14, 16, 22, 30, 38], "excluded_lines": []}}, "classes": {"PhaseProgressWidget": {"executed_lines": [], "summary": {"covered_lines": 0, "num_statements": 19, "percent_covered": 0.0, "percent_covered_display": "0", "missing_lines": 19, "excluded_lines": 0}, "missing_lines": [18, 19, 20, 24, 25, 26, 27, 28, 32, 33, 34, 35, 36, 40, 41, 43, 44, 45, 46], "excluded_lines": []}, "": {"executed_lines": [], "summary": {"covered_lines": 0, "num_statements": 12, "percent_covered": 0.0, "percent_covered_display": "0", "missing_lines": 12, "excluded_lines": 0}, "missing_lines": [3, 4, 5, 6, 9, 12, 13, 14, 16, 22, 30, 38], "excluded_lines": []}}}, "tools/tui/widgets/token_gauge.py": {"executed_lines": [], "summary": {"covered_lines": 0, "num_statements": 24, "percent_covered": 0.0, "percent_covered_display": "0", "missing_lines": 24, "excluded_lines": 0}, "missing_lines": [3, 4, 7, 10, 11, 13, 15, 17, 19, 21, 23, 24, 27, 30, 31, 32, 35, 36, 37, 38, 40, 43, 44, 46], "excluded_lines": [], "functions": {"TokenGaugeWidget.watch_tokens_used": {"executed_lines": [], "summary": {"covered_lines": 0, "num_statements": 1, "percent_covered": 0.0, "percent_covered_display": "0", "missing_lines": 1, "excluded_lines": 0}, "missing_lines": [15], "excluded_lines": []}, "TokenGaugeWidget.watch_tokens_total": {"executed_lines": [], "summary": {"covered_lines": 0, "num_statements": 1, "percent_covered": 0.0, "percent_covered_display": "0", "missing_lines": 1, "excluded_lines": 0}, "missing_lines": [19], "excluded_lines": []}, "TokenGaugeWidget._update_display": {"executed_lines": [], "summary": {"covered_lines": 0, "num_statements": 14, "percent_covered": 0.0, "percent_covered_display": "0", "missing_lines": 14, "excluded_lines": 0}, "missing_lines": [23, 24, 27, 30, 31, 32, 35, 36, 37, 38, 40, 43, 44, 46], "excluded_lines": []}, "": {"executed_lines": [], "summary": {"covered_lines": 0, "num_statements": 8, "percent_covered": 0.0, "percent_covered_display": "0", "missing_lines": 8, "excluded_lines": 0}, "missing_lines": [3, 4, 7, 10, 11, 13, 17, 21], "excluded_lines": []}}, "classes": {"TokenGaugeWidget": {"executed_lines": [], "summary": {"covered_lines": 0, "num_statements": 16, "percent_covered": 0.0, "percent_covered_display": "0", "missing_lines": 16, "excluded_lines": 0}, "missing_lines": [15, 19, 23, 24, 27, 30, 31, 32, 35, 36, 37, 38, 40, 43, 44, 46], "excluded_lines": []}, "": {"executed_lines": [], "summary": {"covered_lines": 0, "num_statements": 8, "percent_covered": 0.0, "percent_covered_display": "0", "missing_lines": 8, "excluded_lines": 0}, "missing_lines": [3, 4, 7, 10, 11, 13, 17, 21], "excluded_lines": []}}}, "tools/tui_monitor.py": {"executed_lines": [], "summary": {"covered_lines": 0, "num_statements": 17, "percent_covered": 0.0, "percent_covered_display": "0", "missing_lines": 17, "excluded_lines": 0}, "missing_lines": [4, 5, 6, 9, 11, 14, 16, 17, 18, 19, 20, 21, 22, 23, 24, 27, 28], "excluded_lines": [], "functions": {"main": {"executed_lines": [], "summary": {"covered_lines": 0, "num_statements": 9, "percent_covered": 0.0, "percent_covered_display": "0", "missing_lines": 9, "excluded_lines": 0}, "missing_lines": [16, 17, 18, 19, 20, 21, 22, 23, 24], "excluded_lines": []}, "": {"executed_lines": [], "summary": {"covered_lines": 0, "num_statements": 8, "percent_covered": 0.0, "percent_covered_display": "0", "missing_lines": 8, "excluded_lines": 0}, "missing_lines": [4, 5, 6, 9, 11, 14, 27, 28], "excluded_lines": []}}, "classes": {"": {"executed_lines": [], "summary": {"covered_lines": 0, "num_statements": 17, "percent_covered": 0.0, "percent_covered_display": "0", "missing_lines": 17, "excluded_lines": 0}, "missing_lines": [4, 5, 6, 9, 11, 14, 16, 17, 18, 19, 20, 21, 22, 23, 24, 27, 28], "excluded_lines": []}}}, "tools/use_baml.py": {"executed_lines": [], "summary": {"covered_lines": 0, "num_statements": 70, "percent_covered": 0.0, "percent_covered_display": "0", "missing_lines": 70, "excluded_lines": 0}, "missing_lines": [18, 19, 20, 21, 24, 26, 37, 38, 44, 47, 50, 51, 52, 53, 54, 55, 58, 59, 60, 61, 64, 65, 66, 69, 70, 72, 74, 75, 76, 79, 80, 81, 82, 83, 84, 85, 87, 88, 91, 93, 97, 112, 114, 121, 122, 125, 126, 131, 132, 133, 135, 136, 139, 140, 141, 145, 146, 147, 149, 150, 153, 154, 157, 158, 159, 161, 162, 164, 167, 168], "excluded_lines": [], "functions": {"main": {"executed_lines": [], "summary": {"covered_lines": 0, "num_statements": 61, "percent_covered": 0.0, "percent_covered_display": "0", "missing_lines": 61, "excluded_lines": 0}, "missing_lines": [38, 44, 47, 50, 51, 52, 53, 54, 55, 58, 59, 60, 61, 64, 65, 66, 69, 70, 72, 74, 75, 76, 79, 80, 81, 82, 83, 84, 85, 87, 88, 91, 93, 97, 112, 114, 121, 122, 125, 126, 131, 132, 133, 135, 136, 139, 140, 141, 145, 146, 147, 149, 150, 153, 154, 157, 158, 159, 161, 162, 164], "excluded_lines": []}, "": {"executed_lines": [], "summary": {"covered_lines": 0, "num_statements": 9, "percent_covered": 0.0, "percent_covered_display": "0", "missing_lines": 9, "excluded_lines": 0}, "missing_lines": [18, 19, 20, 21, 24, 26, 37, 167, 168], "excluded_lines": []}}, "classes": {"": {"executed_lines": [], "summary": {"covered_lines": 0, "num_statements": 70, "percent_covered": 0.0, "percent_covered_display": "0", "missing_lines": 70, "excluded_lines": 0}, "missing_lines": [18, 19, 20, 21, 24, 26, 37, 38, 44, 47, 50, 51, 52, 53, 54, 55, 58, 59, 60, 61, 64, 65, 66, 69, 70, 72, 74, 75, 76, 79, 80, 81, 82, 83, 84, 85, 87, 88, 91, 93, 97, 112, 114, 121, 122, 125, 126, 131, 132, 133, 135, 136, 139, 140, 141, 145, 146, 147, 149, 150, 153, 154, 157, 158, 159, 161, 162, 164, 167, 168], "excluded_lines": []}}}, "tools/version.py": {"executed_lines": [1, 8, 11, 13, 20, 21, 25, 32, 33, 35, 45, 46, 47, 49], "summary": {"covered_lines": 13, "num_statements": 20, "percent_covered": 65.0, "percent_covered_display": "65", "missing_lines": 7, "excluded_lines": 0}, "missing_lines": [22, 23, 51, 52, 53, 54, 55], "excluded_lines": [], "functions": {"get_version": {"executed_lines": [20, 21], "summary": {"covered_lines": 2, "num_statements": 4, "percent_covered": 50.0, "percent_covered_display": "50", "missing_lines": 2, "excluded_lines": 0}, "missing_lines": [22, 23], "excluded_lines": []}, "get_version_info": {"executed_lines": [32, 33, 35], "summary": {"covered_lines": 3, "num_statements": 3, "percent_covered": 100.0, "percent_covered_display": "100", "missing_lines": 0, "excluded_lines": 0}, "missing_lines": [], "excluded_lines": []}, "": {"executed_lines": [1, 8, 11, 13, 25, 45, 46, 47, 49], "summary": {"covered_lines": 8, "num_statements": 13, "percent_covered": 61.53846153846154, "percent_covered_display": "62", "missing_lines": 5, "excluded_lines": 0}, "missing_lines": [51, 52, 53, 54, 55], "excluded_lines": []}}, "classes": {"": {"executed_lines": [1, 8, 11, 13, 20, 21, 25, 32, 33, 35, 45, 46, 47, 49], "summary": {"covered_lines": 13, "num_statements": 20, "percent_covered": 65.0, "percent_covered_display": "65", "missing_lines": 7, "excluded_lines": 0}, "missing_lines": [22, 23, 51, 52, 53, 54, 55], "excluded_lines": []}}}}, "totals": {"covered_lines": 2807, "num_statements": 11095, "percent_covered": 25.29968454258675, "percent_covered_display": "25", "missing_lines": 8288, "excluded_lines": 2}}
